{
  "uid" : "20aa4d2a9bad9e37",
  "name" : "Deleting meeting",
  "fullName" : "tests.viewing_a_scheduled_meeting_test.TestViewingAScheduledMeeting#test_deleting_meeting",
  "historyId" : "e3ed9a8bc74229a18c94e77aa1e9fc59",
  "time" : {
    "start" : 1704362650596,
    "stop" : 1704362665121,
    "duration" : 14525
  },
  "status" : "broken",
  "statusMessage" : "selenium.common.exceptions.TimeoutException: Message:",
  "statusTrace" : "self = <viewing_a_scheduled_meeting_test.TestViewingAScheduledMeeting object at 0x7f3f99a8e300>\nuser_1 = None\n\n    @allure.title(\"Deleting meeting\")\n    @allure.severity(\"Normal\")\n    def test_deleting_meeting(self, user_1):\n        self.login_page.open()\n        self.login_page.enter_login(self.data.LOGIN)\n        self.login_page.enter_password(self.data.PASSWORD)\n        self.login_page.click_submit_button()\n        self.main_page.is_opened()\n        self.main_page.click_on_planning_meet_button()\n        self.planning_meet_page.is_opened()\n        self.planning_meet_page.add_topic_for_deleting_meeting()\n        self.planning_meet_page.save_schedule()\n        self.main_page.open()\n>       self.main_page.click_on_meet_for_delete_button()\n\ntests/viewing_a_scheduled_meeting_test.py:21: \n_ _ _ _ _ _ _ _ _ _ _ _ _ _ _ _ _ _ _ _ _ _ _ _ _ _ _ _ _ _ _ _ _ _ _ _ _ _ _ _ \npages/user2/main_page_2.py:72: in click_on_meet_for_delete_button\n    self.wait.until(EC.element_to_be_clickable(self.MEET_FOR_DELETE)).click()\n_ _ _ _ _ _ _ _ _ _ _ _ _ _ _ _ _ _ _ _ _ _ _ _ _ _ _ _ _ _ _ _ _ _ _ _ _ _ _ _ \n\nself = <selenium.webdriver.support.wait.WebDriverWait (session=\"9a0cb3e56729a1c758d60468cacefbbf\")>\nmethod = <function element_to_be_clickable.<locals>._predicate at 0x7f3f99722980>\nmessage = ''\n\n    def until(self, method, message: str = \"\"):\n        \"\"\"Calls the method provided with the driver as an argument until the \\\n        return value does not evaluate to ``False``.\n    \n        :param method: callable(WebDriver)\n        :param message: optional message for :exc:`TimeoutException`\n        :returns: the result of the last call to `method`\n        :raises: :exc:`selenium.common.exceptions.TimeoutException` if timeout occurs\n        \"\"\"\n        screen = None\n        stacktrace = None\n    \n        end_time = time.monotonic() + self._timeout\n        while True:\n            try:\n                value = method(self._driver)\n                if value:\n                    return value\n            except self._ignored_exceptions as exc:\n                screen = getattr(exc, \"screen\", None)\n                stacktrace = getattr(exc, \"stacktrace\", None)\n            time.sleep(self._poll)\n            if time.monotonic() > end_time:\n                break\n>       raise TimeoutException(message, screen, stacktrace)\nE       selenium.common.exceptions.TimeoutException: Message:\n\n../local/lib/python3.12/site-packages/selenium/webdriver/support/wait.py:95: TimeoutException",
  "flaky" : false,
  "newFailed" : false,
  "beforeStages" : [ {
    "name" : "driver_1",
    "time" : {
      "start" : 1704362649779,
      "stop" : 1704362650595,
      "duration" : 816
    },
    "status" : "passed",
    "steps" : [ ],
    "attachments" : [ ],
    "parameters" : [ ],
    "attachmentsCount" : 0,
    "stepsCount" : 0,
    "hasContent" : false,
    "shouldDisplayMessage" : false
  }, {
    "name" : "user_1",
    "time" : {
      "start" : 1704362650595,
      "stop" : 1704362650595,
      "duration" : 0
    },
    "status" : "passed",
    "steps" : [ ],
    "attachments" : [ ],
    "parameters" : [ ],
    "attachmentsCount" : 0,
    "stepsCount" : 0,
    "hasContent" : false,
    "shouldDisplayMessage" : false
  } ],
  "testStage" : {
    "status" : "broken",
    "statusMessage" : "selenium.common.exceptions.TimeoutException: Message:",
    "statusTrace" : "self = <viewing_a_scheduled_meeting_test.TestViewingAScheduledMeeting object at 0x7f3f99a8e300>\nuser_1 = None\n\n    @allure.title(\"Deleting meeting\")\n    @allure.severity(\"Normal\")\n    def test_deleting_meeting(self, user_1):\n        self.login_page.open()\n        self.login_page.enter_login(self.data.LOGIN)\n        self.login_page.enter_password(self.data.PASSWORD)\n        self.login_page.click_submit_button()\n        self.main_page.is_opened()\n        self.main_page.click_on_planning_meet_button()\n        self.planning_meet_page.is_opened()\n        self.planning_meet_page.add_topic_for_deleting_meeting()\n        self.planning_meet_page.save_schedule()\n        self.main_page.open()\n>       self.main_page.click_on_meet_for_delete_button()\n\ntests/viewing_a_scheduled_meeting_test.py:21: \n_ _ _ _ _ _ _ _ _ _ _ _ _ _ _ _ _ _ _ _ _ _ _ _ _ _ _ _ _ _ _ _ _ _ _ _ _ _ _ _ \npages/user2/main_page_2.py:72: in click_on_meet_for_delete_button\n    self.wait.until(EC.element_to_be_clickable(self.MEET_FOR_DELETE)).click()\n_ _ _ _ _ _ _ _ _ _ _ _ _ _ _ _ _ _ _ _ _ _ _ _ _ _ _ _ _ _ _ _ _ _ _ _ _ _ _ _ \n\nself = <selenium.webdriver.support.wait.WebDriverWait (session=\"9a0cb3e56729a1c758d60468cacefbbf\")>\nmethod = <function element_to_be_clickable.<locals>._predicate at 0x7f3f99722980>\nmessage = ''\n\n    def until(self, method, message: str = \"\"):\n        \"\"\"Calls the method provided with the driver as an argument until the \\\n        return value does not evaluate to ``False``.\n    \n        :param method: callable(WebDriver)\n        :param message: optional message for :exc:`TimeoutException`\n        :returns: the result of the last call to `method`\n        :raises: :exc:`selenium.common.exceptions.TimeoutException` if timeout occurs\n        \"\"\"\n        screen = None\n        stacktrace = None\n    \n        end_time = time.monotonic() + self._timeout\n        while True:\n            try:\n                value = method(self._driver)\n                if value:\n                    return value\n            except self._ignored_exceptions as exc:\n                screen = getattr(exc, \"screen\", None)\n                stacktrace = getattr(exc, \"stacktrace\", None)\n            time.sleep(self._poll)\n            if time.monotonic() > end_time:\n                break\n>       raise TimeoutException(message, screen, stacktrace)\nE       selenium.common.exceptions.TimeoutException: Message:\n\n../local/lib/python3.12/site-packages/selenium/webdriver/support/wait.py:95: TimeoutException",
    "steps" : [ {
      "name" : "Open https://dev.qosyl.kz/login page",
      "time" : {
        "start" : 1704362650596,
        "stop" : 1704362652213,
        "duration" : 1617
      },
      "status" : "passed",
      "steps" : [ ],
      "attachments" : [ ],
      "parameters" : [ ],
      "attachmentsCount" : 0,
      "stepsCount" : 0,
      "hasContent" : false,
      "shouldDisplayMessage" : false
    }, {
      "name" : "Enter login",
      "time" : {
        "start" : 1704362652213,
        "stop" : 1704362652355,
        "duration" : 142
      },
      "status" : "passed",
      "steps" : [ ],
      "attachments" : [ ],
      "parameters" : [ ],
      "attachmentsCount" : 0,
      "stepsCount" : 0,
      "hasContent" : false,
      "shouldDisplayMessage" : false
    }, {
      "name" : "Enter password",
      "time" : {
        "start" : 1704362652355,
        "stop" : 1704362652455,
        "duration" : 100
      },
      "status" : "passed",
      "steps" : [ ],
      "attachments" : [ ],
      "parameters" : [ ],
      "attachmentsCount" : 0,
      "stepsCount" : 0,
      "hasContent" : false,
      "shouldDisplayMessage" : false
    }, {
      "name" : "Confirm login and pass - Click submit button",
      "time" : {
        "start" : 1704362652455,
        "stop" : 1704362652517,
        "duration" : 62
      },
      "status" : "passed",
      "steps" : [ ],
      "attachments" : [ ],
      "parameters" : [ ],
      "attachmentsCount" : 0,
      "stepsCount" : 0,
      "hasContent" : false,
      "shouldDisplayMessage" : false
    }, {
      "name" : "Page https://dev.qosyl.kz/ is opened",
      "time" : {
        "start" : 1704362652517,
        "stop" : 1704362653523,
        "duration" : 1006
      },
      "status" : "passed",
      "steps" : [ ],
      "attachments" : [ ],
      "parameters" : [ ],
      "attachmentsCount" : 0,
      "stepsCount" : 0,
      "hasContent" : false,
      "shouldDisplayMessage" : false
    }, {
      "name" : "Click on planning meet button",
      "time" : {
        "start" : 1704362653523,
        "stop" : 1704362653571,
        "duration" : 48
      },
      "status" : "passed",
      "steps" : [ ],
      "attachments" : [ ],
      "parameters" : [ ],
      "attachmentsCount" : 0,
      "stepsCount" : 0,
      "hasContent" : false,
      "shouldDisplayMessage" : false
    }, {
      "name" : "Page https://dev.qosyl.kz/schedule is opened",
      "time" : {
        "start" : 1704362653571,
        "stop" : 1704362653574,
        "duration" : 3
      },
      "status" : "passed",
      "steps" : [ ],
      "attachments" : [ ],
      "parameters" : [ ],
      "attachmentsCount" : 0,
      "stepsCount" : 0,
      "hasContent" : false,
      "shouldDisplayMessage" : false
    }, {
      "name" : "Add topic name",
      "time" : {
        "start" : 1704362653574,
        "stop" : 1704362654680,
        "duration" : 1106
      },
      "status" : "passed",
      "steps" : [ ],
      "attachments" : [ ],
      "parameters" : [ ],
      "attachmentsCount" : 0,
      "stepsCount" : 0,
      "hasContent" : false,
      "shouldDisplayMessage" : false
    }, {
      "name" : "Save schedule",
      "time" : {
        "start" : 1704362654680,
        "stop" : 1704362654743,
        "duration" : 63
      },
      "status" : "passed",
      "steps" : [ ],
      "attachments" : [ ],
      "parameters" : [ ],
      "attachmentsCount" : 0,
      "stepsCount" : 0,
      "hasContent" : false,
      "shouldDisplayMessage" : false
    }, {
      "name" : "Open https://dev.qosyl.kz/ page",
      "time" : {
        "start" : 1704362654743,
        "stop" : 1704362655057,
        "duration" : 314
      },
      "status" : "passed",
      "steps" : [ ],
      "attachments" : [ ],
      "parameters" : [ ],
      "attachmentsCount" : 0,
      "stepsCount" : 0,
      "hasContent" : false,
      "shouldDisplayMessage" : false
    }, {
      "name" : "Click on meet name button",
      "time" : {
        "start" : 1704362655057,
        "stop" : 1704362665120,
        "duration" : 10063
      },
      "status" : "broken",
      "statusMessage" : "selenium.common.exceptions.TimeoutException: Message: \n\n",
      "statusTrace" : "  File \"/usr/local/lib/python3.12/site-packages/allure_commons/_allure.py\", line 192, in impl\n    return func(*a, **kw)\n           ^^^^^^^^^^^^^^\n  File \"/usr/workspace/pages/user2/main_page_2.py\", line 72, in click_on_meet_for_delete_button\n    self.wait.until(EC.element_to_be_clickable(self.MEET_FOR_DELETE)).click()\n    ^^^^^^^^^^^^^^^^^^^^^^^^^^^^^^^^^^^^^^^^^^^^^^^^^^^^^^^^^^^^^^^^^\n  File \"/usr/local/lib/python3.12/site-packages/selenium/webdriver/support/wait.py\", line 95, in until\n    raise TimeoutException(message, screen, stacktrace)\n",
      "steps" : [ ],
      "attachments" : [ ],
      "parameters" : [ ],
      "attachmentsCount" : 0,
      "stepsCount" : 0,
      "hasContent" : true,
      "shouldDisplayMessage" : true
    } ],
    "attachments" : [ ],
    "parameters" : [ ],
    "attachmentsCount" : 0,
    "stepsCount" : 11,
    "hasContent" : true,
    "shouldDisplayMessage" : true
  },
  "afterStages" : [ {
    "name" : "driver_1::0",
    "time" : {
      "start" : 1704362665128,
      "stop" : 1704362665185,
      "duration" : 57
    },
    "status" : "passed",
    "steps" : [ ],
    "attachments" : [ ],
    "parameters" : [ ],
    "attachmentsCount" : 0,
    "stepsCount" : 0,
    "hasContent" : false,
    "shouldDisplayMessage" : false
  } ],
  "labels" : [ {
    "name" : "feature",
    "value" : "Viewing a scheduled meeting Functionality"
  }, {
    "name" : "severity",
    "value" : "Normal"
  }, {
    "name" : "parentSuite",
    "value" : "tests"
  }, {
    "name" : "suite",
    "value" : "viewing_a_scheduled_meeting_test"
  }, {
    "name" : "subSuite",
    "value" : "TestViewingAScheduledMeeting"
  }, {
    "name" : "host",
    "value" : "d88bc4f5ee46"
  }, {
    "name" : "thread",
    "value" : "8-MainThread"
  }, {
    "name" : "framework",
    "value" : "pytest"
  }, {
    "name" : "language",
    "value" : "cpython3"
  }, {
    "name" : "package",
    "value" : "tests.viewing_a_scheduled_meeting_test"
  }, {
    "name" : "resultFormat",
    "value" : "allure2"
  } ],
  "parameters" : [ ],
  "links" : [ ],
  "hidden" : false,
  "retry" : false,
  "extra" : {
    "severity" : "normal",
    "retries" : [ ],
    "categories" : [ {
      "name" : "Test defects",
      "matchedStatuses" : [ ],
      "flaky" : false
    } ],
    "history" : {
      "statistic" : {
        "failed" : 0,
        "broken" : 8,
        "skipped" : 0,
        "passed" : 0,
        "unknown" : 0,
        "total" : 8
      },
      "items" : [ {
        "uid" : "919922f035f1e94e",
        "status" : "broken",
        "statusDetails" : "selenium.common.exceptions.TimeoutException: Message:",
        "time" : {
          "start" : 1704345293020,
          "stop" : 1704345311795,
          "duration" : 18775
        }
      }, {
        "uid" : "bcaadacec21fb3ff",
        "status" : "broken",
        "statusDetails" : "selenium.common.exceptions.TimeoutException: Message:",
        "time" : {
          "start" : 1704344878537,
          "stop" : 1704344897349,
          "duration" : 18812
        }
      }, {
        "uid" : "22dda4645c3b10c0",
        "status" : "broken",
        "statusDetails" : "selenium.common.exceptions.TimeoutException: Message:",
        "time" : {
          "start" : 1703135144640,
          "stop" : 1703135163421,
          "duration" : 18781
        }
      }, {
        "uid" : "eb3c2ea385d890a7",
        "status" : "broken",
        "statusDetails" : "selenium.common.exceptions.TimeoutException: Message:",
        "time" : {
          "start" : 1703131094610,
          "stop" : 1703131114961,
          "duration" : 20351
        }
      }, {
        "uid" : "8d6abf46b6d24fbf",
        "status" : "broken",
        "statusDetails" : "selenium.common.exceptions.TimeoutException: Message:",
        "time" : {
          "start" : 1702532411866,
          "stop" : 1702532430599,
          "duration" : 18733
        }
      }, {
        "uid" : "2ca3f0d1b887714c",
        "status" : "broken",
        "statusDetails" : "selenium.common.exceptions.TimeoutException: Message:",
        "time" : {
          "start" : 1702372716580,
          "stop" : 1702372736799,
          "duration" : 20219
        }
      }, {
        "uid" : "1165a7187b85a39f",
        "status" : "broken",
        "statusDetails" : "selenium.common.exceptions.TimeoutException: Message:",
        "time" : {
          "start" : 1702372139062,
          "stop" : 1702372150988,
          "duration" : 11926
        }
      } ]
    },
    "tags" : [ ]
  },
  "source" : "20aa4d2a9bad9e37.json",
  "parameterValues" : [ ]
}