{
  "uid" : "2d8e0f5bccf27e26",
  "name" : "Canceling meeting",
  "fullName" : "tests.viewing_a_scheduled_meeting_test.TestViewingAScheduledMeeting#test_canceling_meeting",
  "historyId" : "c535f240dadba6e196911074fb6a1da2",
  "time" : {
    "start" : 1702532431473,
    "stop" : 1702532450171,
    "duration" : 18698
  },
  "status" : "broken",
  "statusMessage" : "selenium.common.exceptions.TimeoutException: Message:",
  "statusTrace" : "self = <viewing_a_scheduled_meeting_test.TestViewingAScheduledMeeting object at 0x7f3858e1a060>\nuser_1 = None\n\n    @allure.title(\"Canceling meeting\")\n    @allure.severity(\"Normal\")\n    def test_canceling_meeting(self, user_1):\n        self.login_page.open()\n        self.login_page.enter_login(self.data.LOGIN)\n        self.login_page.enter_password(self.data.PASSWORD)\n        self.login_page.click_submit_button()\n        self.main_page.is_opened()\n        self.main_page.click_on_planning_meet_button()\n        self.planning_meet_page.is_opened()\n        self.planning_meet_page.add_topic()\n        self.planning_meet_page.save_schedule()\n        self.main_page.open()\n        self.main_page.click_on_planned_name_meet()\n        self.main_page.click_on_cancell_meet_button()\n        self.main_page.click_on_confirm_action_button()\n        self.main_page.check_push_meet_cancel()\n>       self.main_page.click_on_canceled_name_meet()\n\ntests/viewing_a_scheduled_meeting_test.py:45: \n_ _ _ _ _ _ _ _ _ _ _ _ _ _ _ _ _ _ _ _ _ _ _ _ _ _ _ _ _ _ _ _ _ _ _ _ _ _ _ _ \npages/user2/main_page_2.py:75: in click_on_canceled_name_meet\n    self.wait.until(EC.visibility_of_element_located(self.CANCELED_MEET_NAME_BUTTON)).click()\n_ _ _ _ _ _ _ _ _ _ _ _ _ _ _ _ _ _ _ _ _ _ _ _ _ _ _ _ _ _ _ _ _ _ _ _ _ _ _ _ \n\nself = <selenium.webdriver.support.wait.WebDriverWait (session=\"ccfc6fcd22408a730c651ec8ff325ed5\")>\nmethod = <function visibility_of_element_located.<locals>._predicate at 0x7f3857e07a60>\nmessage = ''\n\n    def until(self, method, message: str = \"\"):\n        \"\"\"Calls the method provided with the driver as an argument until the \\\n        return value does not evaluate to ``False``.\n    \n        :param method: callable(WebDriver)\n        :param message: optional message for :exc:`TimeoutException`\n        :returns: the result of the last call to `method`\n        :raises: :exc:`selenium.common.exceptions.TimeoutException` if timeout occurs\n        \"\"\"\n        screen = None\n        stacktrace = None\n    \n        end_time = time.monotonic() + self._timeout\n        while True:\n            try:\n                value = method(self._driver)\n                if value:\n                    return value\n            except self._ignored_exceptions as exc:\n                screen = getattr(exc, \"screen\", None)\n                stacktrace = getattr(exc, \"stacktrace\", None)\n            time.sleep(self._poll)\n            if time.monotonic() > end_time:\n                break\n>       raise TimeoutException(message, screen, stacktrace)\nE       selenium.common.exceptions.TimeoutException: Message:\n\n../local/lib/python3.12/site-packages/selenium/webdriver/support/wait.py:95: TimeoutException",
  "flaky" : false,
  "newFailed" : false,
  "beforeStages" : [ {
    "name" : "user_1",
    "time" : {
      "start" : 1702532431473,
      "stop" : 1702532431473,
      "duration" : 0
    },
    "status" : "passed",
    "steps" : [ ],
    "attachments" : [ ],
    "parameters" : [ ],
    "attachmentsCount" : 0,
    "shouldDisplayMessage" : false,
    "stepsCount" : 0,
    "hasContent" : false
  }, {
    "name" : "driver_1",
    "time" : {
      "start" : 1702532430662,
      "stop" : 1702532431473,
      "duration" : 811
    },
    "status" : "passed",
    "steps" : [ ],
    "attachments" : [ ],
    "parameters" : [ ],
    "attachmentsCount" : 0,
    "shouldDisplayMessage" : false,
    "stepsCount" : 0,
    "hasContent" : false
  } ],
  "testStage" : {
    "status" : "broken",
    "statusMessage" : "selenium.common.exceptions.TimeoutException: Message:",
    "statusTrace" : "self = <viewing_a_scheduled_meeting_test.TestViewingAScheduledMeeting object at 0x7f3858e1a060>\nuser_1 = None\n\n    @allure.title(\"Canceling meeting\")\n    @allure.severity(\"Normal\")\n    def test_canceling_meeting(self, user_1):\n        self.login_page.open()\n        self.login_page.enter_login(self.data.LOGIN)\n        self.login_page.enter_password(self.data.PASSWORD)\n        self.login_page.click_submit_button()\n        self.main_page.is_opened()\n        self.main_page.click_on_planning_meet_button()\n        self.planning_meet_page.is_opened()\n        self.planning_meet_page.add_topic()\n        self.planning_meet_page.save_schedule()\n        self.main_page.open()\n        self.main_page.click_on_planned_name_meet()\n        self.main_page.click_on_cancell_meet_button()\n        self.main_page.click_on_confirm_action_button()\n        self.main_page.check_push_meet_cancel()\n>       self.main_page.click_on_canceled_name_meet()\n\ntests/viewing_a_scheduled_meeting_test.py:45: \n_ _ _ _ _ _ _ _ _ _ _ _ _ _ _ _ _ _ _ _ _ _ _ _ _ _ _ _ _ _ _ _ _ _ _ _ _ _ _ _ \npages/user2/main_page_2.py:75: in click_on_canceled_name_meet\n    self.wait.until(EC.visibility_of_element_located(self.CANCELED_MEET_NAME_BUTTON)).click()\n_ _ _ _ _ _ _ _ _ _ _ _ _ _ _ _ _ _ _ _ _ _ _ _ _ _ _ _ _ _ _ _ _ _ _ _ _ _ _ _ \n\nself = <selenium.webdriver.support.wait.WebDriverWait (session=\"ccfc6fcd22408a730c651ec8ff325ed5\")>\nmethod = <function visibility_of_element_located.<locals>._predicate at 0x7f3857e07a60>\nmessage = ''\n\n    def until(self, method, message: str = \"\"):\n        \"\"\"Calls the method provided with the driver as an argument until the \\\n        return value does not evaluate to ``False``.\n    \n        :param method: callable(WebDriver)\n        :param message: optional message for :exc:`TimeoutException`\n        :returns: the result of the last call to `method`\n        :raises: :exc:`selenium.common.exceptions.TimeoutException` if timeout occurs\n        \"\"\"\n        screen = None\n        stacktrace = None\n    \n        end_time = time.monotonic() + self._timeout\n        while True:\n            try:\n                value = method(self._driver)\n                if value:\n                    return value\n            except self._ignored_exceptions as exc:\n                screen = getattr(exc, \"screen\", None)\n                stacktrace = getattr(exc, \"stacktrace\", None)\n            time.sleep(self._poll)\n            if time.monotonic() > end_time:\n                break\n>       raise TimeoutException(message, screen, stacktrace)\nE       selenium.common.exceptions.TimeoutException: Message:\n\n../local/lib/python3.12/site-packages/selenium/webdriver/support/wait.py:95: TimeoutException",
    "steps" : [ {
      "name" : "Open https://dev.qosyl.kz/login page",
      "time" : {
        "start" : 1702532431473,
        "stop" : 1702532433093,
        "duration" : 1620
      },
      "status" : "passed",
      "steps" : [ ],
      "attachments" : [ ],
      "parameters" : [ ],
      "attachmentsCount" : 0,
      "shouldDisplayMessage" : false,
      "stepsCount" : 0,
      "hasContent" : false
    }, {
      "name" : "Enter login",
      "time" : {
        "start" : 1702532433093,
        "stop" : 1702532433215,
        "duration" : 122
      },
      "status" : "passed",
      "steps" : [ ],
      "attachments" : [ ],
      "parameters" : [ ],
      "attachmentsCount" : 0,
      "shouldDisplayMessage" : false,
      "stepsCount" : 0,
      "hasContent" : false
    }, {
      "name" : "Enter password",
      "time" : {
        "start" : 1702532433215,
        "stop" : 1702532433304,
        "duration" : 89
      },
      "status" : "passed",
      "steps" : [ ],
      "attachments" : [ ],
      "parameters" : [ ],
      "attachmentsCount" : 0,
      "shouldDisplayMessage" : false,
      "stepsCount" : 0,
      "hasContent" : false
    }, {
      "name" : "Confirm login and pass - Click submit button",
      "time" : {
        "start" : 1702532433304,
        "stop" : 1702532433363,
        "duration" : 59
      },
      "status" : "passed",
      "steps" : [ ],
      "attachments" : [ ],
      "parameters" : [ ],
      "attachmentsCount" : 0,
      "shouldDisplayMessage" : false,
      "stepsCount" : 0,
      "hasContent" : false
    }, {
      "name" : "Page https://dev.qosyl.kz/ is opened",
      "time" : {
        "start" : 1702532433363,
        "stop" : 1702532434382,
        "duration" : 1019
      },
      "status" : "passed",
      "steps" : [ ],
      "attachments" : [ ],
      "parameters" : [ ],
      "attachmentsCount" : 0,
      "shouldDisplayMessage" : false,
      "stepsCount" : 0,
      "hasContent" : false
    }, {
      "name" : "Click on planning meet button",
      "time" : {
        "start" : 1702532434382,
        "stop" : 1702532434429,
        "duration" : 47
      },
      "status" : "passed",
      "steps" : [ ],
      "attachments" : [ ],
      "parameters" : [ ],
      "attachmentsCount" : 0,
      "shouldDisplayMessage" : false,
      "stepsCount" : 0,
      "hasContent" : false
    }, {
      "name" : "Page https://dev.qosyl.kz/schedule is opened",
      "time" : {
        "start" : 1702532434429,
        "stop" : 1702532434431,
        "duration" : 2
      },
      "status" : "passed",
      "steps" : [ ],
      "attachments" : [ ],
      "parameters" : [ ],
      "attachmentsCount" : 0,
      "shouldDisplayMessage" : false,
      "stepsCount" : 0,
      "hasContent" : false
    }, {
      "name" : "Add topic name",
      "time" : {
        "start" : 1702532434431,
        "stop" : 1702532435536,
        "duration" : 1105
      },
      "status" : "passed",
      "steps" : [ ],
      "attachments" : [ ],
      "parameters" : [ ],
      "attachmentsCount" : 0,
      "shouldDisplayMessage" : false,
      "stepsCount" : 0,
      "hasContent" : false
    }, {
      "name" : "Save schedule",
      "time" : {
        "start" : 1702532435536,
        "stop" : 1702532435596,
        "duration" : 60
      },
      "status" : "passed",
      "steps" : [ ],
      "attachments" : [ ],
      "parameters" : [ ],
      "attachmentsCount" : 0,
      "shouldDisplayMessage" : false,
      "stepsCount" : 0,
      "hasContent" : false
    }, {
      "name" : "Open https://dev.qosyl.kz/ page",
      "time" : {
        "start" : 1702532435596,
        "stop" : 1702532435905,
        "duration" : 309
      },
      "status" : "passed",
      "steps" : [ ],
      "attachments" : [ ],
      "parameters" : [ ],
      "attachmentsCount" : 0,
      "shouldDisplayMessage" : false,
      "stepsCount" : 0,
      "hasContent" : false
    }, {
      "name" : "Click on planned name meet",
      "time" : {
        "start" : 1702532435906,
        "stop" : 1702532436965,
        "duration" : 1059
      },
      "status" : "passed",
      "steps" : [ ],
      "attachments" : [ ],
      "parameters" : [ ],
      "attachmentsCount" : 0,
      "shouldDisplayMessage" : false,
      "stepsCount" : 0,
      "hasContent" : false
    }, {
      "name" : "Click on cancell meet button",
      "time" : {
        "start" : 1702532436965,
        "stop" : 1702532438021,
        "duration" : 1056
      },
      "status" : "passed",
      "steps" : [ ],
      "attachments" : [ ],
      "parameters" : [ ],
      "attachmentsCount" : 0,
      "shouldDisplayMessage" : false,
      "stepsCount" : 0,
      "hasContent" : false
    }, {
      "name" : "Click on confirm action button",
      "time" : {
        "start" : 1702532438022,
        "stop" : 1702532439081,
        "duration" : 1059
      },
      "status" : "passed",
      "steps" : [ ],
      "attachments" : [ ],
      "parameters" : [ ],
      "attachmentsCount" : 0,
      "shouldDisplayMessage" : false,
      "stepsCount" : 0,
      "hasContent" : false
    }, {
      "name" : "Check push meet has been cancel",
      "time" : {
        "start" : 1702532439081,
        "stop" : 1702532440115,
        "duration" : 1034
      },
      "status" : "passed",
      "steps" : [ ],
      "attachments" : [ ],
      "parameters" : [ ],
      "attachmentsCount" : 0,
      "shouldDisplayMessage" : false,
      "stepsCount" : 0,
      "hasContent" : false
    }, {
      "name" : "Click on canceled name meet",
      "time" : {
        "start" : 1702532440115,
        "stop" : 1702532450171,
        "duration" : 10056
      },
      "status" : "broken",
      "statusMessage" : "selenium.common.exceptions.TimeoutException: Message: \n\n",
      "statusTrace" : "  File \"/usr/local/lib/python3.12/site-packages/allure_commons/_allure.py\", line 192, in impl\n    return func(*a, **kw)\n           ^^^^^^^^^^^^^^\n  File \"/usr/workspace/pages/user2/main_page_2.py\", line 75, in click_on_canceled_name_meet\n    self.wait.until(EC.visibility_of_element_located(self.CANCELED_MEET_NAME_BUTTON)).click()\n    ^^^^^^^^^^^^^^^^^^^^^^^^^^^^^^^^^^^^^^^^^^^^^^^^^^^^^^^^^^^^^^^^^^^^^^^^^^^^^^^^^\n  File \"/usr/local/lib/python3.12/site-packages/selenium/webdriver/support/wait.py\", line 95, in until\n    raise TimeoutException(message, screen, stacktrace)\n",
      "steps" : [ ],
      "attachments" : [ ],
      "parameters" : [ ],
      "attachmentsCount" : 0,
      "shouldDisplayMessage" : true,
      "stepsCount" : 0,
      "hasContent" : true
    } ],
    "attachments" : [ ],
    "parameters" : [ ],
    "attachmentsCount" : 0,
    "shouldDisplayMessage" : true,
    "stepsCount" : 15,
    "hasContent" : true
  },
  "afterStages" : [ {
    "name" : "driver_1::0",
    "time" : {
      "start" : 1702532450177,
      "stop" : 1702532450233,
      "duration" : 56
    },
    "status" : "passed",
    "steps" : [ ],
    "attachments" : [ ],
    "parameters" : [ ],
    "attachmentsCount" : 0,
    "shouldDisplayMessage" : false,
    "stepsCount" : 0,
    "hasContent" : false
  } ],
  "labels" : [ {
    "name" : "feature",
    "value" : "Viewing a scheduled meeting Functionality"
  }, {
    "name" : "severity",
    "value" : "Normal"
  }, {
    "name" : "parentSuite",
    "value" : "tests"
  }, {
    "name" : "suite",
    "value" : "viewing_a_scheduled_meeting_test"
  }, {
    "name" : "subSuite",
    "value" : "TestViewingAScheduledMeeting"
  }, {
    "name" : "host",
    "value" : "e2af054aed9b"
  }, {
    "name" : "thread",
    "value" : "8-MainThread"
  }, {
    "name" : "framework",
    "value" : "pytest"
  }, {
    "name" : "language",
    "value" : "cpython3"
  }, {
    "name" : "package",
    "value" : "tests.viewing_a_scheduled_meeting_test"
  }, {
    "name" : "resultFormat",
    "value" : "allure2"
  } ],
  "parameters" : [ ],
  "links" : [ ],
  "hidden" : false,
  "retry" : false,
  "extra" : {
    "severity" : "normal",
    "retries" : [ ],
    "categories" : [ {
      "name" : "Test defects",
      "matchedStatuses" : [ ],
      "flaky" : false
    } ],
    "history" : {
      "statistic" : {
        "failed" : 0,
        "broken" : 3,
        "skipped" : 0,
        "passed" : 0,
        "unknown" : 0,
        "total" : 3
      },
      "items" : [ {
        "uid" : "d3581055c8beb190",
        "status" : "broken",
        "statusDetails" : "selenium.common.exceptions.TimeoutException: Message:",
        "time" : {
          "start" : 1702372737680,
          "stop" : 1702372757812,
          "duration" : 20132
        }
      }, {
        "uid" : "94e308929b9a0e61",
        "status" : "broken",
        "statusDetails" : "selenium.common.exceptions.TimeoutException: Message:",
        "time" : {
          "start" : 1702372151871,
          "stop" : 1702372163812,
          "duration" : 11941
        }
      } ]
    },
    "tags" : [ ]
  },
  "source" : "2d8e0f5bccf27e26.json",
  "parameterValues" : [ ]
}