{
  "uid" : "32bc491f095a93a1",
  "name" : "Blok schedule",
  "fullName" : "tests.cancel_meet_test.TestScheduleBlok#test_blok_schedule",
  "historyId" : "d55dc81bfc7701442d14b80edc15c030",
  "time" : {
    "start" : 1700462194580,
    "stop" : 1700462212191,
    "duration" : 17611
  },
  "status" : "broken",
  "statusMessage" : "selenium.common.exceptions.TimeoutException: Message:",
  "statusTrace" : "self = <cancel_meet_test.TestScheduleBlok object at 0x7f4771570fe0>\nsetup_1 = None\n\n    @allure.title(\"Blok schedule\")\n    @allure.severity(\"Normal\")\n    def test_blok_schedule(self, setup_1):\n        self.login_page.open()\n        self.login_page.enter_login(self.data.LOGIN)\n        self.login_page.enter_password(self.data.PASSWORD)\n        self.login_page.click_submit_button()\n        self.main_page.is_opened()\n        self.main_page.click_on_planning_meet_button()\n        self.planning_meet_page.is_opened()\n        self.planning_meet_page.add_topic()\n        self.planning_meet_page.save_schedule()\n        self.main_page.open()\n        self.main_page.click_on_planned_name_meet()\n        self.main_page.click_on_cancell_meet_button()\n        self.main_page.click_on_confirm_action_button()\n>       self.main_page.check_push_meet_cancel()\n\ntests/cancel_meet_test.py:24: \n_ _ _ _ _ _ _ _ _ _ _ _ _ _ _ _ _ _ _ _ _ _ _ _ _ _ _ _ _ _ _ _ _ _ _ _ _ _ _ _ \nbase/base_page.py:54: in check_push_meet_cancel\n    self.wait.until(EC.visibility_of_element_located(self.PUSH_MEET_CANCEL))\n_ _ _ _ _ _ _ _ _ _ _ _ _ _ _ _ _ _ _ _ _ _ _ _ _ _ _ _ _ _ _ _ _ _ _ _ _ _ _ _ \n\nself = <selenium.webdriver.support.wait.WebDriverWait (session=\"b47bc26a5e7ba0d9020bc18f994cbf07\")>\nmethod = <function visibility_of_element_located.<locals>._predicate at 0x7f4770d59440>\nmessage = ''\n\n    def until(self, method, message: str = \"\"):\n        \"\"\"Calls the method provided with the driver as an argument until the \\\n        return value does not evaluate to ``False``.\n    \n        :param method: callable(WebDriver)\n        :param message: optional message for :exc:`TimeoutException`\n        :returns: the result of the last call to `method`\n        :raises: :exc:`selenium.common.exceptions.TimeoutException` if timeout occurs\n        \"\"\"\n        screen = None\n        stacktrace = None\n    \n        end_time = time.monotonic() + self._timeout\n        while True:\n            try:\n                value = method(self._driver)\n                if value:\n                    return value\n            except self._ignored_exceptions as exc:\n                screen = getattr(exc, \"screen\", None)\n                stacktrace = getattr(exc, \"stacktrace\", None)\n            time.sleep(self._poll)\n            if time.monotonic() > end_time:\n                break\n>       raise TimeoutException(message, screen, stacktrace)\nE       selenium.common.exceptions.TimeoutException: Message:\n\n../local/lib/python3.12/site-packages/selenium/webdriver/support/wait.py:95: TimeoutException",
  "flaky" : false,
  "newFailed" : false,
  "beforeStages" : [ {
    "name" : "setup_1",
    "time" : {
      "start" : 1700462194580,
      "stop" : 1700462194580,
      "duration" : 0
    },
    "status" : "passed",
    "steps" : [ ],
    "attachments" : [ ],
    "parameters" : [ ],
    "attachmentsCount" : 0,
    "shouldDisplayMessage" : false,
    "hasContent" : false,
    "stepsCount" : 0
  }, {
    "name" : "driver_1",
    "time" : {
      "start" : 1700462193768,
      "stop" : 1700462194580,
      "duration" : 812
    },
    "status" : "passed",
    "steps" : [ ],
    "attachments" : [ ],
    "parameters" : [ ],
    "attachmentsCount" : 0,
    "shouldDisplayMessage" : false,
    "hasContent" : false,
    "stepsCount" : 0
  } ],
  "testStage" : {
    "status" : "broken",
    "statusMessage" : "selenium.common.exceptions.TimeoutException: Message:",
    "statusTrace" : "self = <cancel_meet_test.TestScheduleBlok object at 0x7f4771570fe0>\nsetup_1 = None\n\n    @allure.title(\"Blok schedule\")\n    @allure.severity(\"Normal\")\n    def test_blok_schedule(self, setup_1):\n        self.login_page.open()\n        self.login_page.enter_login(self.data.LOGIN)\n        self.login_page.enter_password(self.data.PASSWORD)\n        self.login_page.click_submit_button()\n        self.main_page.is_opened()\n        self.main_page.click_on_planning_meet_button()\n        self.planning_meet_page.is_opened()\n        self.planning_meet_page.add_topic()\n        self.planning_meet_page.save_schedule()\n        self.main_page.open()\n        self.main_page.click_on_planned_name_meet()\n        self.main_page.click_on_cancell_meet_button()\n        self.main_page.click_on_confirm_action_button()\n>       self.main_page.check_push_meet_cancel()\n\ntests/cancel_meet_test.py:24: \n_ _ _ _ _ _ _ _ _ _ _ _ _ _ _ _ _ _ _ _ _ _ _ _ _ _ _ _ _ _ _ _ _ _ _ _ _ _ _ _ \nbase/base_page.py:54: in check_push_meet_cancel\n    self.wait.until(EC.visibility_of_element_located(self.PUSH_MEET_CANCEL))\n_ _ _ _ _ _ _ _ _ _ _ _ _ _ _ _ _ _ _ _ _ _ _ _ _ _ _ _ _ _ _ _ _ _ _ _ _ _ _ _ \n\nself = <selenium.webdriver.support.wait.WebDriverWait (session=\"b47bc26a5e7ba0d9020bc18f994cbf07\")>\nmethod = <function visibility_of_element_located.<locals>._predicate at 0x7f4770d59440>\nmessage = ''\n\n    def until(self, method, message: str = \"\"):\n        \"\"\"Calls the method provided with the driver as an argument until the \\\n        return value does not evaluate to ``False``.\n    \n        :param method: callable(WebDriver)\n        :param message: optional message for :exc:`TimeoutException`\n        :returns: the result of the last call to `method`\n        :raises: :exc:`selenium.common.exceptions.TimeoutException` if timeout occurs\n        \"\"\"\n        screen = None\n        stacktrace = None\n    \n        end_time = time.monotonic() + self._timeout\n        while True:\n            try:\n                value = method(self._driver)\n                if value:\n                    return value\n            except self._ignored_exceptions as exc:\n                screen = getattr(exc, \"screen\", None)\n                stacktrace = getattr(exc, \"stacktrace\", None)\n            time.sleep(self._poll)\n            if time.monotonic() > end_time:\n                break\n>       raise TimeoutException(message, screen, stacktrace)\nE       selenium.common.exceptions.TimeoutException: Message:\n\n../local/lib/python3.12/site-packages/selenium/webdriver/support/wait.py:95: TimeoutException",
    "steps" : [ {
      "name" : "Open https://dev.qosyl.kz/login page",
      "time" : {
        "start" : 1700462194581,
        "stop" : 1700462196162,
        "duration" : 1581
      },
      "status" : "passed",
      "steps" : [ ],
      "attachments" : [ ],
      "parameters" : [ ],
      "attachmentsCount" : 0,
      "shouldDisplayMessage" : false,
      "hasContent" : false,
      "stepsCount" : 0
    }, {
      "name" : "Enter login",
      "time" : {
        "start" : 1700462196162,
        "stop" : 1700462196284,
        "duration" : 122
      },
      "status" : "passed",
      "steps" : [ ],
      "attachments" : [ ],
      "parameters" : [ ],
      "attachmentsCount" : 0,
      "shouldDisplayMessage" : false,
      "hasContent" : false,
      "stepsCount" : 0
    }, {
      "name" : "Enter password",
      "time" : {
        "start" : 1700462196284,
        "stop" : 1700462196356,
        "duration" : 72
      },
      "status" : "passed",
      "steps" : [ ],
      "attachments" : [ ],
      "parameters" : [ ],
      "attachmentsCount" : 0,
      "shouldDisplayMessage" : false,
      "hasContent" : false,
      "stepsCount" : 0
    }, {
      "name" : "Confir login and pass - Click submit button",
      "time" : {
        "start" : 1700462196356,
        "stop" : 1700462196416,
        "duration" : 60
      },
      "status" : "passed",
      "steps" : [ ],
      "attachments" : [ ],
      "parameters" : [ ],
      "attachmentsCount" : 0,
      "shouldDisplayMessage" : false,
      "hasContent" : false,
      "stepsCount" : 0
    }, {
      "name" : "Page https://dev.qosyl.kz/ is opened",
      "time" : {
        "start" : 1700462196416,
        "stop" : 1700462197429,
        "duration" : 1013
      },
      "status" : "passed",
      "steps" : [ ],
      "attachments" : [ ],
      "parameters" : [ ],
      "attachmentsCount" : 0,
      "shouldDisplayMessage" : false,
      "hasContent" : false,
      "stepsCount" : 0
    }, {
      "name" : "Click on planning meet button",
      "time" : {
        "start" : 1700462197430,
        "stop" : 1700462197478,
        "duration" : 48
      },
      "status" : "passed",
      "steps" : [ ],
      "attachments" : [ ],
      "parameters" : [ ],
      "attachmentsCount" : 0,
      "shouldDisplayMessage" : false,
      "hasContent" : false,
      "stepsCount" : 0
    }, {
      "name" : "Page https://dev.qosyl.kz/schedule is opened",
      "time" : {
        "start" : 1700462197478,
        "stop" : 1700462197481,
        "duration" : 3
      },
      "status" : "passed",
      "steps" : [ ],
      "attachments" : [ ],
      "parameters" : [ ],
      "attachmentsCount" : 0,
      "shouldDisplayMessage" : false,
      "hasContent" : false,
      "stepsCount" : 0
    }, {
      "name" : "Add topic name",
      "time" : {
        "start" : 1700462197481,
        "stop" : 1700462198580,
        "duration" : 1099
      },
      "status" : "passed",
      "steps" : [ ],
      "attachments" : [ ],
      "parameters" : [ ],
      "attachmentsCount" : 0,
      "shouldDisplayMessage" : false,
      "hasContent" : false,
      "stepsCount" : 0
    }, {
      "name" : "Save schedule",
      "time" : {
        "start" : 1700462198580,
        "stop" : 1700462198638,
        "duration" : 58
      },
      "status" : "passed",
      "steps" : [ ],
      "attachments" : [ ],
      "parameters" : [ ],
      "attachmentsCount" : 0,
      "shouldDisplayMessage" : false,
      "hasContent" : false,
      "stepsCount" : 0
    }, {
      "name" : "Open https://dev.qosyl.kz/ page",
      "time" : {
        "start" : 1700462198638,
        "stop" : 1700462198950,
        "duration" : 312
      },
      "status" : "passed",
      "steps" : [ ],
      "attachments" : [ ],
      "parameters" : [ ],
      "attachmentsCount" : 0,
      "shouldDisplayMessage" : false,
      "hasContent" : false,
      "stepsCount" : 0
    }, {
      "name" : "Click on planned name meet",
      "time" : {
        "start" : 1700462198950,
        "stop" : 1700462200015,
        "duration" : 1065
      },
      "status" : "passed",
      "steps" : [ ],
      "attachments" : [ ],
      "parameters" : [ ],
      "attachmentsCount" : 0,
      "shouldDisplayMessage" : false,
      "hasContent" : false,
      "stepsCount" : 0
    }, {
      "name" : "Click on cancell meet button",
      "time" : {
        "start" : 1700462200015,
        "stop" : 1700462201071,
        "duration" : 1056
      },
      "status" : "passed",
      "steps" : [ ],
      "attachments" : [ ],
      "parameters" : [ ],
      "attachmentsCount" : 0,
      "shouldDisplayMessage" : false,
      "hasContent" : false,
      "stepsCount" : 0
    }, {
      "name" : "Click on confirm action button",
      "time" : {
        "start" : 1700462201071,
        "stop" : 1700462202128,
        "duration" : 1057
      },
      "status" : "passed",
      "steps" : [ ],
      "attachments" : [ ],
      "parameters" : [ ],
      "attachmentsCount" : 0,
      "shouldDisplayMessage" : false,
      "hasContent" : false,
      "stepsCount" : 0
    }, {
      "name" : "Check push meet has been cancel",
      "time" : {
        "start" : 1700462202128,
        "stop" : 1700462212190,
        "duration" : 10062
      },
      "status" : "broken",
      "statusMessage" : "selenium.common.exceptions.TimeoutException: Message: \n\n",
      "statusTrace" : "  File \"/usr/local/lib/python3.12/site-packages/allure_commons/_allure.py\", line 192, in impl\n    return func(*a, **kw)\n           ^^^^^^^^^^^^^^\n  File \"/usr/workspace/base/base_page.py\", line 54, in check_push_meet_cancel\n    self.wait.until(EC.visibility_of_element_located(self.PUSH_MEET_CANCEL))\n  File \"/usr/local/lib/python3.12/site-packages/selenium/webdriver/support/wait.py\", line 95, in until\n    raise TimeoutException(message, screen, stacktrace)\n",
      "steps" : [ ],
      "attachments" : [ ],
      "parameters" : [ ],
      "attachmentsCount" : 0,
      "shouldDisplayMessage" : true,
      "hasContent" : true,
      "stepsCount" : 0
    } ],
    "attachments" : [ ],
    "parameters" : [ ],
    "attachmentsCount" : 0,
    "shouldDisplayMessage" : true,
    "hasContent" : true,
    "stepsCount" : 14
  },
  "afterStages" : [ {
    "name" : "driver_1::0",
    "time" : {
      "start" : 1700462212220,
      "stop" : 1700462212276,
      "duration" : 56
    },
    "status" : "passed",
    "steps" : [ ],
    "attachments" : [ ],
    "parameters" : [ ],
    "attachmentsCount" : 0,
    "shouldDisplayMessage" : false,
    "hasContent" : false,
    "stepsCount" : 0
  } ],
  "labels" : [ {
    "name" : "severity",
    "value" : "Normal"
  }, {
    "name" : "feature",
    "value" : "Schedule Functionality"
  }, {
    "name" : "parentSuite",
    "value" : "tests"
  }, {
    "name" : "suite",
    "value" : "cancel_meet_test"
  }, {
    "name" : "subSuite",
    "value" : "TestScheduleBlok"
  }, {
    "name" : "host",
    "value" : "e1e1c5e1e246"
  }, {
    "name" : "thread",
    "value" : "8-MainThread"
  }, {
    "name" : "framework",
    "value" : "pytest"
  }, {
    "name" : "language",
    "value" : "cpython3"
  }, {
    "name" : "package",
    "value" : "tests.cancel_meet_test"
  }, {
    "name" : "resultFormat",
    "value" : "allure2"
  } ],
  "parameters" : [ ],
  "links" : [ ],
  "hidden" : false,
  "retry" : false,
  "extra" : {
    "severity" : "normal",
    "retries" : [ ],
    "categories" : [ {
      "name" : "Test defects",
      "matchedStatuses" : [ ],
      "flaky" : false
    } ],
    "history" : {
      "statistic" : {
        "failed" : 0,
        "broken" : 1,
        "skipped" : 0,
        "passed" : 6,
        "unknown" : 0,
        "total" : 7
      },
      "items" : [ {
        "uid" : "4fee485d87669352",
        "status" : "passed",
        "time" : {
          "start" : 1700117177761,
          "stop" : 1700117188682,
          "duration" : 10921
        }
      }, {
        "uid" : "3d72e7f08134b4f6",
        "status" : "passed",
        "time" : {
          "start" : 1700047301500,
          "stop" : 1700047314165,
          "duration" : 12665
        }
      }, {
        "uid" : "7a88da6d4dfc3bd2",
        "status" : "passed",
        "time" : {
          "start" : 1700046738289,
          "stop" : 1700046749246,
          "duration" : 10957
        }
      }, {
        "uid" : "8c3cdc4525306fba",
        "status" : "passed",
        "time" : {
          "start" : 1700044701237,
          "stop" : 1700044712184,
          "duration" : 10947
        }
      }, {
        "uid" : "6010b1af88797b5a",
        "status" : "passed",
        "time" : {
          "start" : 1700041776848,
          "stop" : 1700041789460,
          "duration" : 12612
        }
      }, {
        "uid" : "9f05f8c787a2a581",
        "status" : "passed",
        "time" : {
          "start" : 1700035305978,
          "stop" : 1700035315267,
          "duration" : 9289
        }
      } ]
    },
    "tags" : [ ]
  },
  "source" : "32bc491f095a93a1.json",
  "parameterValues" : [ ]
}