{
  "uid" : "47289a7e9d955d36",
  "name" : "End call on meet",
  "fullName" : "tests.meeting.end_call_meet_test.TestEndCallMeet#test_end_call_on_meet",
  "historyId" : "d5d86e2b0dc93aa76944f8778a8243a2",
  "time" : {
    "start" : 1704630898470,
    "stop" : 1704630914750,
    "duration" : 16280
  },
  "status" : "broken",
  "statusMessage" : "selenium.common.exceptions.TimeoutException: Message:",
  "statusTrace" : "self = <end_call_meet_test.TestEndCallMeet object at 0x7ff947d4c170>\nuser_1 = None, user_2 = None\n\n    @allure.title(\"End call on meet\")\n    @allure.severity(\"Critical\")\n    def test_end_call_on_meet(self, user_1, user_2):\n        self.login_page.open()\n        self.login_page.enter_login(self.data.LOGIN)\n        self.login_page.enter_password(self.data.PASSWORD)\n        self.login_page.click_submit_button()\n        self.main_page.is_opened()\n        self.connect_to_meeting_page.open()\n        self.connect_to_meeting_page.is_opened()\n        self.connect_to_meeting_page.enter_meet_identifier()\n        self.connect_to_meeting_page.click_enter_button()\n        # self.meet_page.click_on_dismiss_alert_button() #Нужен для локального запуска\n        self.meet_page.click_on_enter_without_checking_button()\n        # self.meet_page.click_on_dismiss_alert_button() #Нужен для локального запуска\n        self.meet_page.click_on_enter_without_checking_button()\n>       self.meet_page.check_enter_meet_push()\n\ntests/meeting/end_call_meet_test.py:25: \n_ _ _ _ _ _ _ _ _ _ _ _ _ _ _ _ _ _ _ _ _ _ _ _ _ _ _ _ _ _ _ _ _ _ _ _ _ _ _ _ \npages/user2/meet_page_2.py:107: in check_enter_meet_push\n    self.wait.until(EC.visibility_of_element_located(self.PUSH_ENTER_MEET))\n_ _ _ _ _ _ _ _ _ _ _ _ _ _ _ _ _ _ _ _ _ _ _ _ _ _ _ _ _ _ _ _ _ _ _ _ _ _ _ _ \n\nself = <selenium.webdriver.support.wait.WebDriverWait (session=\"292b8b9d4962beed99eda3b5a3aaf12f\")>\nmethod = <function visibility_of_element_located.<locals>._predicate at 0x7ff9470e49a0>\nmessage = ''\n\n    def until(self, method, message: str = \"\"):\n        \"\"\"Calls the method provided with the driver as an argument until the \\\n        return value does not evaluate to ``False``.\n    \n        :param method: callable(WebDriver)\n        :param message: optional message for :exc:`TimeoutException`\n        :returns: the result of the last call to `method`\n        :raises: :exc:`selenium.common.exceptions.TimeoutException` if timeout occurs\n        \"\"\"\n        screen = None\n        stacktrace = None\n    \n        end_time = time.monotonic() + self._timeout\n        while True:\n            try:\n                value = method(self._driver)\n                if value:\n                    return value\n            except self._ignored_exceptions as exc:\n                screen = getattr(exc, \"screen\", None)\n                stacktrace = getattr(exc, \"stacktrace\", None)\n            time.sleep(self._poll)\n            if time.monotonic() > end_time:\n                break\n>       raise TimeoutException(message, screen, stacktrace)\nE       selenium.common.exceptions.TimeoutException: Message:\n\n../local/lib/python3.12/site-packages/selenium/webdriver/support/wait.py:95: TimeoutException",
  "flaky" : false,
  "newFailed" : false,
  "beforeStages" : [ {
    "name" : "user_2",
    "time" : {
      "start" : 1704630898469,
      "stop" : 1704630898469,
      "duration" : 0
    },
    "status" : "passed",
    "steps" : [ ],
    "attachments" : [ ],
    "parameters" : [ ],
    "attachmentsCount" : 0,
    "shouldDisplayMessage" : false,
    "hasContent" : false,
    "stepsCount" : 0
  }, {
    "name" : "driver_2",
    "time" : {
      "start" : 1704630897654,
      "stop" : 1704630898469,
      "duration" : 815
    },
    "status" : "passed",
    "steps" : [ ],
    "attachments" : [ ],
    "parameters" : [ ],
    "attachmentsCount" : 0,
    "shouldDisplayMessage" : false,
    "hasContent" : false,
    "stepsCount" : 0
  }, {
    "name" : "user_1",
    "time" : {
      "start" : 1704630897654,
      "stop" : 1704630897654,
      "duration" : 0
    },
    "status" : "passed",
    "steps" : [ ],
    "attachments" : [ ],
    "parameters" : [ ],
    "attachmentsCount" : 0,
    "shouldDisplayMessage" : false,
    "hasContent" : false,
    "stepsCount" : 0
  }, {
    "name" : "driver_1",
    "time" : {
      "start" : 1704630896832,
      "stop" : 1704630897654,
      "duration" : 822
    },
    "status" : "passed",
    "steps" : [ ],
    "attachments" : [ ],
    "parameters" : [ ],
    "attachmentsCount" : 0,
    "shouldDisplayMessage" : false,
    "hasContent" : false,
    "stepsCount" : 0
  } ],
  "testStage" : {
    "status" : "broken",
    "statusMessage" : "selenium.common.exceptions.TimeoutException: Message:",
    "statusTrace" : "self = <end_call_meet_test.TestEndCallMeet object at 0x7ff947d4c170>\nuser_1 = None, user_2 = None\n\n    @allure.title(\"End call on meet\")\n    @allure.severity(\"Critical\")\n    def test_end_call_on_meet(self, user_1, user_2):\n        self.login_page.open()\n        self.login_page.enter_login(self.data.LOGIN)\n        self.login_page.enter_password(self.data.PASSWORD)\n        self.login_page.click_submit_button()\n        self.main_page.is_opened()\n        self.connect_to_meeting_page.open()\n        self.connect_to_meeting_page.is_opened()\n        self.connect_to_meeting_page.enter_meet_identifier()\n        self.connect_to_meeting_page.click_enter_button()\n        # self.meet_page.click_on_dismiss_alert_button() #Нужен для локального запуска\n        self.meet_page.click_on_enter_without_checking_button()\n        # self.meet_page.click_on_dismiss_alert_button() #Нужен для локального запуска\n        self.meet_page.click_on_enter_without_checking_button()\n>       self.meet_page.check_enter_meet_push()\n\ntests/meeting/end_call_meet_test.py:25: \n_ _ _ _ _ _ _ _ _ _ _ _ _ _ _ _ _ _ _ _ _ _ _ _ _ _ _ _ _ _ _ _ _ _ _ _ _ _ _ _ \npages/user2/meet_page_2.py:107: in check_enter_meet_push\n    self.wait.until(EC.visibility_of_element_located(self.PUSH_ENTER_MEET))\n_ _ _ _ _ _ _ _ _ _ _ _ _ _ _ _ _ _ _ _ _ _ _ _ _ _ _ _ _ _ _ _ _ _ _ _ _ _ _ _ \n\nself = <selenium.webdriver.support.wait.WebDriverWait (session=\"292b8b9d4962beed99eda3b5a3aaf12f\")>\nmethod = <function visibility_of_element_located.<locals>._predicate at 0x7ff9470e49a0>\nmessage = ''\n\n    def until(self, method, message: str = \"\"):\n        \"\"\"Calls the method provided with the driver as an argument until the \\\n        return value does not evaluate to ``False``.\n    \n        :param method: callable(WebDriver)\n        :param message: optional message for :exc:`TimeoutException`\n        :returns: the result of the last call to `method`\n        :raises: :exc:`selenium.common.exceptions.TimeoutException` if timeout occurs\n        \"\"\"\n        screen = None\n        stacktrace = None\n    \n        end_time = time.monotonic() + self._timeout\n        while True:\n            try:\n                value = method(self._driver)\n                if value:\n                    return value\n            except self._ignored_exceptions as exc:\n                screen = getattr(exc, \"screen\", None)\n                stacktrace = getattr(exc, \"stacktrace\", None)\n            time.sleep(self._poll)\n            if time.monotonic() > end_time:\n                break\n>       raise TimeoutException(message, screen, stacktrace)\nE       selenium.common.exceptions.TimeoutException: Message:\n\n../local/lib/python3.12/site-packages/selenium/webdriver/support/wait.py:95: TimeoutException",
    "steps" : [ {
      "name" : "Open https://dev.qosyl.kz/login page",
      "time" : {
        "start" : 1704630898470,
        "stop" : 1704630900099,
        "duration" : 1629
      },
      "status" : "passed",
      "steps" : [ ],
      "attachments" : [ ],
      "parameters" : [ ],
      "attachmentsCount" : 0,
      "shouldDisplayMessage" : false,
      "hasContent" : false,
      "stepsCount" : 0
    }, {
      "name" : "Enter login",
      "time" : {
        "start" : 1704630900099,
        "stop" : 1704630900239,
        "duration" : 140
      },
      "status" : "passed",
      "steps" : [ ],
      "attachments" : [ ],
      "parameters" : [ ],
      "attachmentsCount" : 0,
      "shouldDisplayMessage" : false,
      "hasContent" : false,
      "stepsCount" : 0
    }, {
      "name" : "Enter password",
      "time" : {
        "start" : 1704630900239,
        "stop" : 1704630900340,
        "duration" : 101
      },
      "status" : "passed",
      "steps" : [ ],
      "attachments" : [ ],
      "parameters" : [ ],
      "attachmentsCount" : 0,
      "shouldDisplayMessage" : false,
      "hasContent" : false,
      "stepsCount" : 0
    }, {
      "name" : "Confirm login and pass - Click submit button",
      "time" : {
        "start" : 1704630900340,
        "stop" : 1704630900403,
        "duration" : 63
      },
      "status" : "passed",
      "steps" : [ ],
      "attachments" : [ ],
      "parameters" : [ ],
      "attachmentsCount" : 0,
      "shouldDisplayMessage" : false,
      "hasContent" : false,
      "stepsCount" : 0
    }, {
      "name" : "Page https://dev.qosyl.kz/ is opened",
      "time" : {
        "start" : 1704630900403,
        "stop" : 1704630901412,
        "duration" : 1009
      },
      "status" : "passed",
      "steps" : [ ],
      "attachments" : [ ],
      "parameters" : [ ],
      "attachmentsCount" : 0,
      "shouldDisplayMessage" : false,
      "hasContent" : false,
      "stepsCount" : 0
    }, {
      "name" : "Open https://dev.qosyl.kz/meeting/ page",
      "time" : {
        "start" : 1704630901412,
        "stop" : 1704630902690,
        "duration" : 1278
      },
      "status" : "passed",
      "steps" : [ ],
      "attachments" : [ ],
      "parameters" : [ ],
      "attachmentsCount" : 0,
      "shouldDisplayMessage" : false,
      "hasContent" : false,
      "stepsCount" : 0
    }, {
      "name" : "Page https://dev.qosyl.kz/meeting/ is opened",
      "time" : {
        "start" : 1704630902690,
        "stop" : 1704630902693,
        "duration" : 3
      },
      "status" : "passed",
      "steps" : [ ],
      "attachments" : [ ],
      "parameters" : [ ],
      "attachmentsCount" : 0,
      "shouldDisplayMessage" : false,
      "hasContent" : false,
      "stepsCount" : 0
    }, {
      "name" : "Enter meet identifier",
      "time" : {
        "start" : 1704630902694,
        "stop" : 1704630902770,
        "duration" : 76
      },
      "status" : "passed",
      "steps" : [ ],
      "attachments" : [ ],
      "parameters" : [ ],
      "attachmentsCount" : 0,
      "shouldDisplayMessage" : false,
      "hasContent" : false,
      "stepsCount" : 0
    }, {
      "name" : "Click enter button",
      "time" : {
        "start" : 1704630902770,
        "stop" : 1704630902850,
        "duration" : 80
      },
      "status" : "passed",
      "steps" : [ ],
      "attachments" : [ ],
      "parameters" : [ ],
      "attachmentsCount" : 0,
      "shouldDisplayMessage" : false,
      "hasContent" : false,
      "stepsCount" : 0
    }, {
      "name" : "Enter without cheking",
      "time" : {
        "start" : 1704630902850,
        "stop" : 1704630903324,
        "duration" : 474
      },
      "status" : "passed",
      "steps" : [ ],
      "attachments" : [ ],
      "parameters" : [ ],
      "attachmentsCount" : 0,
      "shouldDisplayMessage" : false,
      "hasContent" : false,
      "stepsCount" : 0
    }, {
      "name" : "Enter without cheking",
      "time" : {
        "start" : 1704630903324,
        "stop" : 1704630904683,
        "duration" : 1359
      },
      "status" : "passed",
      "steps" : [ ],
      "attachments" : [ ],
      "parameters" : [ ],
      "attachmentsCount" : 0,
      "shouldDisplayMessage" : false,
      "hasContent" : false,
      "stepsCount" : 0
    }, {
      "name" : "Check push enter meet",
      "time" : {
        "start" : 1704630904683,
        "stop" : 1704630914750,
        "duration" : 10067
      },
      "status" : "broken",
      "statusMessage" : "selenium.common.exceptions.TimeoutException: Message: \n\n",
      "statusTrace" : "  File \"/usr/local/lib/python3.12/site-packages/allure_commons/_allure.py\", line 192, in impl\n    return func(*a, **kw)\n           ^^^^^^^^^^^^^^\n  File \"/usr/workspace/pages/user2/meet_page_2.py\", line 107, in check_enter_meet_push\n    self.wait.until(EC.visibility_of_element_located(self.PUSH_ENTER_MEET))\n  File \"/usr/local/lib/python3.12/site-packages/selenium/webdriver/support/wait.py\", line 95, in until\n    raise TimeoutException(message, screen, stacktrace)\n",
      "steps" : [ ],
      "attachments" : [ ],
      "parameters" : [ ],
      "attachmentsCount" : 0,
      "shouldDisplayMessage" : true,
      "hasContent" : true,
      "stepsCount" : 0
    } ],
    "attachments" : [ ],
    "parameters" : [ ],
    "attachmentsCount" : 0,
    "shouldDisplayMessage" : true,
    "hasContent" : true,
    "stepsCount" : 12
  },
  "afterStages" : [ {
    "name" : "driver_2::0",
    "time" : {
      "start" : 1704630914761,
      "stop" : 1704630914815,
      "duration" : 54
    },
    "status" : "passed",
    "steps" : [ ],
    "attachments" : [ ],
    "parameters" : [ ],
    "attachmentsCount" : 0,
    "shouldDisplayMessage" : false,
    "hasContent" : false,
    "stepsCount" : 0
  }, {
    "name" : "driver_1::0",
    "time" : {
      "start" : 1704630914816,
      "stop" : 1704630914874,
      "duration" : 58
    },
    "status" : "passed",
    "steps" : [ ],
    "attachments" : [ ],
    "parameters" : [ ],
    "attachmentsCount" : 0,
    "shouldDisplayMessage" : false,
    "hasContent" : false,
    "stepsCount" : 0
  } ],
  "labels" : [ {
    "name" : "severity",
    "value" : "Critical"
  }, {
    "name" : "feature",
    "value" : "Meet Functionality"
  }, {
    "name" : "parentSuite",
    "value" : "tests.meeting"
  }, {
    "name" : "suite",
    "value" : "end_call_meet_test"
  }, {
    "name" : "subSuite",
    "value" : "TestEndCallMeet"
  }, {
    "name" : "host",
    "value" : "39ed90d5fca4"
  }, {
    "name" : "thread",
    "value" : "8-MainThread"
  }, {
    "name" : "framework",
    "value" : "pytest"
  }, {
    "name" : "language",
    "value" : "cpython3"
  }, {
    "name" : "package",
    "value" : "tests.meeting.end_call_meet_test"
  }, {
    "name" : "resultFormat",
    "value" : "allure2"
  } ],
  "parameters" : [ ],
  "links" : [ ],
  "hidden" : false,
  "retry" : false,
  "extra" : {
    "severity" : "critical",
    "retries" : [ ],
    "categories" : [ {
      "name" : "Test defects",
      "matchedStatuses" : [ ],
      "flaky" : false
    } ],
    "history" : {
      "statistic" : {
        "failed" : 0,
        "broken" : 2,
        "skipped" : 0,
        "passed" : 7,
        "unknown" : 0,
        "total" : 9
      },
      "items" : [ {
        "uid" : "8481fb1b5d982127",
        "status" : "passed",
        "time" : {
          "start" : 1704362754972,
          "stop" : 1704362771363,
          "duration" : 16391
        }
      }, {
        "uid" : "54be4792e2af17e9",
        "status" : "passed",
        "time" : {
          "start" : 1704345381519,
          "stop" : 1704345397706,
          "duration" : 16187
        }
      }, {
        "uid" : "163cd3b72cc1976b",
        "status" : "passed",
        "time" : {
          "start" : 1704344963342,
          "stop" : 1704344980457,
          "duration" : 17115
        }
      }, {
        "uid" : "116a2627ffcc1fd5",
        "status" : "passed",
        "time" : {
          "start" : 1703135221033,
          "stop" : 1703135238641,
          "duration" : 17608
        }
      }, {
        "uid" : "80775cee6f13346c",
        "status" : "passed",
        "time" : {
          "start" : 1703131187218,
          "stop" : 1703131207744,
          "duration" : 20526
        }
      }, {
        "uid" : "427625423233d4e4",
        "status" : "passed",
        "time" : {
          "start" : 1702532496020,
          "stop" : 1702532513254,
          "duration" : 17234
        }
      }, {
        "uid" : "16eb2b2588247351",
        "status" : "passed",
        "time" : {
          "start" : 1702372808538,
          "stop" : 1702372829578,
          "duration" : 21040
        }
      }, {
        "uid" : "b195aa68d441ab9",
        "status" : "broken",
        "statusDetails" : "selenium.common.exceptions.TimeoutException: Message:",
        "time" : {
          "start" : 1702372205738,
          "stop" : 1702372217669,
          "duration" : 11931
        }
      } ]
    },
    "tags" : [ ]
  },
  "source" : "47289a7e9d955d36.json",
  "parameterValues" : [ ]
}