{
  "uid" : "57d3c0d1e57d6b30",
  "name" : "Return in main room in meet",
  "fullName" : "tests.meeting.return_in_main_room_in_meet_test.TestReturnInManiRoom#test_retur_in_main_room_in_meet",
  "historyId" : "0a6ded86891282d45f8dae63e5ee7935",
  "time" : {
    "start" : 1704630953589,
    "stop" : 1704630970862,
    "duration" : 17273
  },
  "status" : "broken",
  "statusMessage" : "selenium.common.exceptions.TimeoutException: Message:",
  "statusTrace" : "self = <return_in_main_room_in_meet_test.TestReturnInManiRoom object at 0x7ff947d501a0>\nuser_1 = None, user_2 = None\n\n    @pytest.mark.debug\n    @allure.title(\"Return in main room in meet\")\n    @allure.severity(\"Normal\")\n    def test_retur_in_main_room_in_meet(self, user_1, user_2):\n        self.login_page.open()\n        self.login_page.enter_login(self.data.LOGIN)\n        self.login_page.enter_password(self.data.PASSWORD)\n        self.login_page.click_submit_button()\n        self.main_page.is_opened()\n        self.main_page.click_on_new_meet_button()\n        # self.meet_page.is_opened() Разобраться с идентификатором комант\n        # self.meet_page.click_on_dismiss_alert_button() # Нужен для локального запуска\n        self.meet_page.click_on_enter_without_checking_button()\n>       self.meet_page.check_enter_meet_push()\n\ntests/meeting/return_in_main_room_in_meet_test.py:22: \n_ _ _ _ _ _ _ _ _ _ _ _ _ _ _ _ _ _ _ _ _ _ _ _ _ _ _ _ _ _ _ _ _ _ _ _ _ _ _ _ \npages/user2/meet_page_2.py:107: in check_enter_meet_push\n    self.wait.until(EC.visibility_of_element_located(self.PUSH_ENTER_MEET))\n_ _ _ _ _ _ _ _ _ _ _ _ _ _ _ _ _ _ _ _ _ _ _ _ _ _ _ _ _ _ _ _ _ _ _ _ _ _ _ _ \n\nself = <selenium.webdriver.support.wait.WebDriverWait (session=\"a6e737ceefa7aa6273a3b1bff5a06916\")>\nmethod = <function visibility_of_element_located.<locals>._predicate at 0x7ff947076020>\nmessage = ''\n\n    def until(self, method, message: str = \"\"):\n        \"\"\"Calls the method provided with the driver as an argument until the \\\n        return value does not evaluate to ``False``.\n    \n        :param method: callable(WebDriver)\n        :param message: optional message for :exc:`TimeoutException`\n        :returns: the result of the last call to `method`\n        :raises: :exc:`selenium.common.exceptions.TimeoutException` if timeout occurs\n        \"\"\"\n        screen = None\n        stacktrace = None\n    \n        end_time = time.monotonic() + self._timeout\n        while True:\n            try:\n                value = method(self._driver)\n                if value:\n                    return value\n            except self._ignored_exceptions as exc:\n                screen = getattr(exc, \"screen\", None)\n                stacktrace = getattr(exc, \"stacktrace\", None)\n            time.sleep(self._poll)\n            if time.monotonic() > end_time:\n                break\n>       raise TimeoutException(message, screen, stacktrace)\nE       selenium.common.exceptions.TimeoutException: Message:\n\n../local/lib/python3.12/site-packages/selenium/webdriver/support/wait.py:95: TimeoutException",
  "flaky" : false,
  "newFailed" : false,
  "beforeStages" : [ {
    "name" : "user_1",
    "time" : {
      "start" : 1704630952775,
      "stop" : 1704630952775,
      "duration" : 0
    },
    "status" : "passed",
    "steps" : [ ],
    "attachments" : [ ],
    "parameters" : [ ],
    "attachmentsCount" : 0,
    "shouldDisplayMessage" : false,
    "hasContent" : false,
    "stepsCount" : 0
  }, {
    "name" : "driver_1",
    "time" : {
      "start" : 1704630951954,
      "stop" : 1704630952775,
      "duration" : 821
    },
    "status" : "passed",
    "steps" : [ ],
    "attachments" : [ ],
    "parameters" : [ ],
    "attachmentsCount" : 0,
    "shouldDisplayMessage" : false,
    "hasContent" : false,
    "stepsCount" : 0
  }, {
    "name" : "user_2",
    "time" : {
      "start" : 1704630953589,
      "stop" : 1704630953589,
      "duration" : 0
    },
    "status" : "passed",
    "steps" : [ ],
    "attachments" : [ ],
    "parameters" : [ ],
    "attachmentsCount" : 0,
    "shouldDisplayMessage" : false,
    "hasContent" : false,
    "stepsCount" : 0
  }, {
    "name" : "driver_2",
    "time" : {
      "start" : 1704630952775,
      "stop" : 1704630953589,
      "duration" : 814
    },
    "status" : "passed",
    "steps" : [ ],
    "attachments" : [ ],
    "parameters" : [ ],
    "attachmentsCount" : 0,
    "shouldDisplayMessage" : false,
    "hasContent" : false,
    "stepsCount" : 0
  } ],
  "testStage" : {
    "status" : "broken",
    "statusMessage" : "selenium.common.exceptions.TimeoutException: Message:",
    "statusTrace" : "self = <return_in_main_room_in_meet_test.TestReturnInManiRoom object at 0x7ff947d501a0>\nuser_1 = None, user_2 = None\n\n    @pytest.mark.debug\n    @allure.title(\"Return in main room in meet\")\n    @allure.severity(\"Normal\")\n    def test_retur_in_main_room_in_meet(self, user_1, user_2):\n        self.login_page.open()\n        self.login_page.enter_login(self.data.LOGIN)\n        self.login_page.enter_password(self.data.PASSWORD)\n        self.login_page.click_submit_button()\n        self.main_page.is_opened()\n        self.main_page.click_on_new_meet_button()\n        # self.meet_page.is_opened() Разобраться с идентификатором комант\n        # self.meet_page.click_on_dismiss_alert_button() # Нужен для локального запуска\n        self.meet_page.click_on_enter_without_checking_button()\n>       self.meet_page.check_enter_meet_push()\n\ntests/meeting/return_in_main_room_in_meet_test.py:22: \n_ _ _ _ _ _ _ _ _ _ _ _ _ _ _ _ _ _ _ _ _ _ _ _ _ _ _ _ _ _ _ _ _ _ _ _ _ _ _ _ \npages/user2/meet_page_2.py:107: in check_enter_meet_push\n    self.wait.until(EC.visibility_of_element_located(self.PUSH_ENTER_MEET))\n_ _ _ _ _ _ _ _ _ _ _ _ _ _ _ _ _ _ _ _ _ _ _ _ _ _ _ _ _ _ _ _ _ _ _ _ _ _ _ _ \n\nself = <selenium.webdriver.support.wait.WebDriverWait (session=\"a6e737ceefa7aa6273a3b1bff5a06916\")>\nmethod = <function visibility_of_element_located.<locals>._predicate at 0x7ff947076020>\nmessage = ''\n\n    def until(self, method, message: str = \"\"):\n        \"\"\"Calls the method provided with the driver as an argument until the \\\n        return value does not evaluate to ``False``.\n    \n        :param method: callable(WebDriver)\n        :param message: optional message for :exc:`TimeoutException`\n        :returns: the result of the last call to `method`\n        :raises: :exc:`selenium.common.exceptions.TimeoutException` if timeout occurs\n        \"\"\"\n        screen = None\n        stacktrace = None\n    \n        end_time = time.monotonic() + self._timeout\n        while True:\n            try:\n                value = method(self._driver)\n                if value:\n                    return value\n            except self._ignored_exceptions as exc:\n                screen = getattr(exc, \"screen\", None)\n                stacktrace = getattr(exc, \"stacktrace\", None)\n            time.sleep(self._poll)\n            if time.monotonic() > end_time:\n                break\n>       raise TimeoutException(message, screen, stacktrace)\nE       selenium.common.exceptions.TimeoutException: Message:\n\n../local/lib/python3.12/site-packages/selenium/webdriver/support/wait.py:95: TimeoutException",
    "steps" : [ {
      "name" : "Open https://dev.qosyl.kz/login page",
      "time" : {
        "start" : 1704630953590,
        "stop" : 1704630955218,
        "duration" : 1628
      },
      "status" : "passed",
      "steps" : [ ],
      "attachments" : [ ],
      "parameters" : [ ],
      "attachmentsCount" : 0,
      "shouldDisplayMessage" : false,
      "hasContent" : false,
      "stepsCount" : 0
    }, {
      "name" : "Enter login",
      "time" : {
        "start" : 1704630955218,
        "stop" : 1704630955365,
        "duration" : 147
      },
      "status" : "passed",
      "steps" : [ ],
      "attachments" : [ ],
      "parameters" : [ ],
      "attachmentsCount" : 0,
      "shouldDisplayMessage" : false,
      "hasContent" : false,
      "stepsCount" : 0
    }, {
      "name" : "Enter password",
      "time" : {
        "start" : 1704630955365,
        "stop" : 1704630955464,
        "duration" : 99
      },
      "status" : "passed",
      "steps" : [ ],
      "attachments" : [ ],
      "parameters" : [ ],
      "attachmentsCount" : 0,
      "shouldDisplayMessage" : false,
      "hasContent" : false,
      "stepsCount" : 0
    }, {
      "name" : "Confirm login and pass - Click submit button",
      "time" : {
        "start" : 1704630955465,
        "stop" : 1704630955530,
        "duration" : 65
      },
      "status" : "passed",
      "steps" : [ ],
      "attachments" : [ ],
      "parameters" : [ ],
      "attachmentsCount" : 0,
      "shouldDisplayMessage" : false,
      "hasContent" : false,
      "stepsCount" : 0
    }, {
      "name" : "Page https://dev.qosyl.kz/ is opened",
      "time" : {
        "start" : 1704630955530,
        "stop" : 1704630956535,
        "duration" : 1005
      },
      "status" : "passed",
      "steps" : [ ],
      "attachments" : [ ],
      "parameters" : [ ],
      "attachmentsCount" : 0,
      "shouldDisplayMessage" : false,
      "hasContent" : false,
      "stepsCount" : 0
    }, {
      "name" : "Click on new meet button",
      "time" : {
        "start" : 1704630956536,
        "stop" : 1704630956579,
        "duration" : 43
      },
      "status" : "passed",
      "steps" : [ ],
      "attachments" : [ ],
      "parameters" : [ ],
      "attachmentsCount" : 0,
      "shouldDisplayMessage" : false,
      "hasContent" : false,
      "stepsCount" : 0
    }, {
      "name" : "Enter without cheking",
      "time" : {
        "start" : 1704630956579,
        "stop" : 1704630960798,
        "duration" : 4219
      },
      "status" : "passed",
      "steps" : [ ],
      "attachments" : [ ],
      "parameters" : [ ],
      "attachmentsCount" : 0,
      "shouldDisplayMessage" : false,
      "hasContent" : false,
      "stepsCount" : 0
    }, {
      "name" : "Check push enter meet",
      "time" : {
        "start" : 1704630960798,
        "stop" : 1704630970861,
        "duration" : 10063
      },
      "status" : "broken",
      "statusMessage" : "selenium.common.exceptions.TimeoutException: Message: \n\n",
      "statusTrace" : "  File \"/usr/local/lib/python3.12/site-packages/allure_commons/_allure.py\", line 192, in impl\n    return func(*a, **kw)\n           ^^^^^^^^^^^^^^\n  File \"/usr/workspace/pages/user2/meet_page_2.py\", line 107, in check_enter_meet_push\n    self.wait.until(EC.visibility_of_element_located(self.PUSH_ENTER_MEET))\n  File \"/usr/local/lib/python3.12/site-packages/selenium/webdriver/support/wait.py\", line 95, in until\n    raise TimeoutException(message, screen, stacktrace)\n",
      "steps" : [ ],
      "attachments" : [ ],
      "parameters" : [ ],
      "attachmentsCount" : 0,
      "shouldDisplayMessage" : true,
      "hasContent" : true,
      "stepsCount" : 0
    } ],
    "attachments" : [ ],
    "parameters" : [ ],
    "attachmentsCount" : 0,
    "shouldDisplayMessage" : true,
    "hasContent" : true,
    "stepsCount" : 8
  },
  "afterStages" : [ {
    "name" : "driver_1::0",
    "time" : {
      "start" : 1704630970928,
      "stop" : 1704630970986,
      "duration" : 58
    },
    "status" : "passed",
    "steps" : [ ],
    "attachments" : [ ],
    "parameters" : [ ],
    "attachmentsCount" : 0,
    "shouldDisplayMessage" : false,
    "hasContent" : false,
    "stepsCount" : 0
  }, {
    "name" : "driver_2::0",
    "time" : {
      "start" : 1704630970874,
      "stop" : 1704630970928,
      "duration" : 54
    },
    "status" : "passed",
    "steps" : [ ],
    "attachments" : [ ],
    "parameters" : [ ],
    "attachmentsCount" : 0,
    "shouldDisplayMessage" : false,
    "hasContent" : false,
    "stepsCount" : 0
  } ],
  "labels" : [ {
    "name" : "feature",
    "value" : "Meet Functionality"
  }, {
    "name" : "severity",
    "value" : "Normal"
  }, {
    "name" : "tag",
    "value" : "debug"
  }, {
    "name" : "parentSuite",
    "value" : "tests.meeting"
  }, {
    "name" : "suite",
    "value" : "return_in_main_room_in_meet_test"
  }, {
    "name" : "subSuite",
    "value" : "TestReturnInManiRoom"
  }, {
    "name" : "host",
    "value" : "39ed90d5fca4"
  }, {
    "name" : "thread",
    "value" : "8-MainThread"
  }, {
    "name" : "framework",
    "value" : "pytest"
  }, {
    "name" : "language",
    "value" : "cpython3"
  }, {
    "name" : "package",
    "value" : "tests.meeting.return_in_main_room_in_meet_test"
  }, {
    "name" : "resultFormat",
    "value" : "allure2"
  } ],
  "parameters" : [ ],
  "links" : [ ],
  "hidden" : false,
  "retry" : false,
  "extra" : {
    "severity" : "normal",
    "retries" : [ ],
    "categories" : [ {
      "name" : "Test defects",
      "matchedStatuses" : [ ],
      "flaky" : false
    } ],
    "history" : {
      "statistic" : {
        "failed" : 0,
        "broken" : 8,
        "skipped" : 0,
        "passed" : 1,
        "unknown" : 0,
        "total" : 9
      },
      "items" : [ {
        "uid" : "53bb9160745deffc",
        "status" : "passed",
        "time" : {
          "start" : 1704362812063,
          "stop" : 1704362837941,
          "duration" : 25878
        }
      }, {
        "uid" : "28ea7b5ad4b2b146",
        "status" : "broken",
        "statusDetails" : "selenium.common.exceptions.TimeoutException: Message:",
        "time" : {
          "start" : 1704345434447,
          "stop" : 1704345448571,
          "duration" : 14124
        }
      }, {
        "uid" : "f402b96e9e31547a",
        "status" : "broken",
        "statusDetails" : "selenium.common.exceptions.TimeoutException: Message:",
        "time" : {
          "start" : 1704345016056,
          "stop" : 1704345030189,
          "duration" : 14133
        }
      }, {
        "uid" : "4f2009813d8566a",
        "status" : "broken",
        "statusDetails" : "selenium.common.exceptions.TimeoutException: Message:",
        "time" : {
          "start" : 1703135274234,
          "stop" : 1703135288396,
          "duration" : 14162
        }
      }, {
        "uid" : "fc81af45d419024",
        "status" : "broken",
        "statusDetails" : "selenium.common.exceptions.TimeoutException: Message:",
        "time" : {
          "start" : 1703131250668,
          "stop" : 1703131266325,
          "duration" : 15657
        }
      }, {
        "uid" : "4b6a8d0310a05e2",
        "status" : "broken",
        "statusDetails" : "selenium.common.exceptions.TimeoutException: Message:",
        "time" : {
          "start" : 1702532551786,
          "stop" : 1702532565928,
          "duration" : 14142
        }
      }, {
        "uid" : "572073a83a5f475b",
        "status" : "broken",
        "statusDetails" : "selenium.common.exceptions.TimeoutException: Message:",
        "time" : {
          "start" : 1702372873072,
          "stop" : 1702372888592,
          "duration" : 15520
        }
      }, {
        "uid" : "28ac204438357aa5",
        "status" : "broken",
        "statusDetails" : "selenium.common.exceptions.TimeoutException: Message:",
        "time" : {
          "start" : 1702372246836,
          "stop" : 1702372258780,
          "duration" : 11944
        }
      } ]
    },
    "tags" : [ "debug" ]
  },
  "source" : "57d3c0d1e57d6b30.json",
  "parameterValues" : [ ]
}