{
  "uid" : "800bd0de902c8df9",
  "name" : "Adding users in planning meeting",
  "fullName" : "tests.planning_meeting_test.TestPlanningMeeting#test_adding_user_in_planning_meeting",
  "historyId" : "6c28a82b05f2d6cf92126b01da33d886",
  "time" : {
    "start" : 1704362630123,
    "stop" : 1704362644290,
    "duration" : 14167
  },
  "status" : "broken",
  "statusMessage" : "selenium.common.exceptions.TimeoutException: Message:",
  "statusTrace" : "self = <planning_meeting_test.TestPlanningMeeting object at 0x7f3f99fe03b0>\nuser_1 = None\n\n    @allure.title(\"Adding users in planning meeting\")\n    @allure.severity(\"Critical\")\n    def test_adding_user_in_planning_meeting(self, user_1):\n        self.login_page.open()\n        self.login_page.enter_login(self.data.LOGIN)\n        self.login_page.enter_password(self.data.PASSWORD)\n        self.login_page.click_submit_button()\n        self.main_page.is_opened()\n        self.main_page.click_on_planning_meet_button()\n        self.planning_meet_page.is_opened()\n        self.planning_meet_page.add_topic()\n>       self.planning_meet_page.click_user_tab_button()\n\ntests/planning_meeting_test.py:41: \n_ _ _ _ _ _ _ _ _ _ _ _ _ _ _ _ _ _ _ _ _ _ _ _ _ _ _ _ _ _ _ _ _ _ _ _ _ _ _ _ \npages/user2/planning_meet_page_2.py:103: in click_user_tab_button\n    self.wait.until(EC.element_to_be_clickable(self.USERS_TAB)).click()\n_ _ _ _ _ _ _ _ _ _ _ _ _ _ _ _ _ _ _ _ _ _ _ _ _ _ _ _ _ _ _ _ _ _ _ _ _ _ _ _ \n\nself = <selenium.webdriver.support.wait.WebDriverWait (session=\"9f5951a9579db8d64d4af50ed6db0936\")>\nmethod = <function element_to_be_clickable.<locals>._predicate at 0x7f3f99722fc0>\nmessage = ''\n\n    def until(self, method, message: str = \"\"):\n        \"\"\"Calls the method provided with the driver as an argument until the \\\n        return value does not evaluate to ``False``.\n    \n        :param method: callable(WebDriver)\n        :param message: optional message for :exc:`TimeoutException`\n        :returns: the result of the last call to `method`\n        :raises: :exc:`selenium.common.exceptions.TimeoutException` if timeout occurs\n        \"\"\"\n        screen = None\n        stacktrace = None\n    \n        end_time = time.monotonic() + self._timeout\n        while True:\n            try:\n                value = method(self._driver)\n                if value:\n                    return value\n            except self._ignored_exceptions as exc:\n                screen = getattr(exc, \"screen\", None)\n                stacktrace = getattr(exc, \"stacktrace\", None)\n            time.sleep(self._poll)\n            if time.monotonic() > end_time:\n                break\n>       raise TimeoutException(message, screen, stacktrace)\nE       selenium.common.exceptions.TimeoutException: Message:\n\n../local/lib/python3.12/site-packages/selenium/webdriver/support/wait.py:95: TimeoutException",
  "flaky" : false,
  "newFailed" : false,
  "beforeStages" : [ {
    "name" : "user_1",
    "time" : {
      "start" : 1704362630122,
      "stop" : 1704362630123,
      "duration" : 1
    },
    "status" : "passed",
    "steps" : [ ],
    "attachments" : [ ],
    "parameters" : [ ],
    "attachmentsCount" : 0,
    "stepsCount" : 0,
    "hasContent" : false,
    "shouldDisplayMessage" : false
  }, {
    "name" : "driver_1",
    "time" : {
      "start" : 1704362629307,
      "stop" : 1704362630122,
      "duration" : 815
    },
    "status" : "passed",
    "steps" : [ ],
    "attachments" : [ ],
    "parameters" : [ ],
    "attachmentsCount" : 0,
    "stepsCount" : 0,
    "hasContent" : false,
    "shouldDisplayMessage" : false
  } ],
  "testStage" : {
    "status" : "broken",
    "statusMessage" : "selenium.common.exceptions.TimeoutException: Message:",
    "statusTrace" : "self = <planning_meeting_test.TestPlanningMeeting object at 0x7f3f99fe03b0>\nuser_1 = None\n\n    @allure.title(\"Adding users in planning meeting\")\n    @allure.severity(\"Critical\")\n    def test_adding_user_in_planning_meeting(self, user_1):\n        self.login_page.open()\n        self.login_page.enter_login(self.data.LOGIN)\n        self.login_page.enter_password(self.data.PASSWORD)\n        self.login_page.click_submit_button()\n        self.main_page.is_opened()\n        self.main_page.click_on_planning_meet_button()\n        self.planning_meet_page.is_opened()\n        self.planning_meet_page.add_topic()\n>       self.planning_meet_page.click_user_tab_button()\n\ntests/planning_meeting_test.py:41: \n_ _ _ _ _ _ _ _ _ _ _ _ _ _ _ _ _ _ _ _ _ _ _ _ _ _ _ _ _ _ _ _ _ _ _ _ _ _ _ _ \npages/user2/planning_meet_page_2.py:103: in click_user_tab_button\n    self.wait.until(EC.element_to_be_clickable(self.USERS_TAB)).click()\n_ _ _ _ _ _ _ _ _ _ _ _ _ _ _ _ _ _ _ _ _ _ _ _ _ _ _ _ _ _ _ _ _ _ _ _ _ _ _ _ \n\nself = <selenium.webdriver.support.wait.WebDriverWait (session=\"9f5951a9579db8d64d4af50ed6db0936\")>\nmethod = <function element_to_be_clickable.<locals>._predicate at 0x7f3f99722fc0>\nmessage = ''\n\n    def until(self, method, message: str = \"\"):\n        \"\"\"Calls the method provided with the driver as an argument until the \\\n        return value does not evaluate to ``False``.\n    \n        :param method: callable(WebDriver)\n        :param message: optional message for :exc:`TimeoutException`\n        :returns: the result of the last call to `method`\n        :raises: :exc:`selenium.common.exceptions.TimeoutException` if timeout occurs\n        \"\"\"\n        screen = None\n        stacktrace = None\n    \n        end_time = time.monotonic() + self._timeout\n        while True:\n            try:\n                value = method(self._driver)\n                if value:\n                    return value\n            except self._ignored_exceptions as exc:\n                screen = getattr(exc, \"screen\", None)\n                stacktrace = getattr(exc, \"stacktrace\", None)\n            time.sleep(self._poll)\n            if time.monotonic() > end_time:\n                break\n>       raise TimeoutException(message, screen, stacktrace)\nE       selenium.common.exceptions.TimeoutException: Message:\n\n../local/lib/python3.12/site-packages/selenium/webdriver/support/wait.py:95: TimeoutException",
    "steps" : [ {
      "name" : "Open https://dev.qosyl.kz/login page",
      "time" : {
        "start" : 1704362630123,
        "stop" : 1704362631753,
        "duration" : 1630
      },
      "status" : "passed",
      "steps" : [ ],
      "attachments" : [ ],
      "parameters" : [ ],
      "attachmentsCount" : 0,
      "stepsCount" : 0,
      "hasContent" : false,
      "shouldDisplayMessage" : false
    }, {
      "name" : "Enter login",
      "time" : {
        "start" : 1704362631753,
        "stop" : 1704362631899,
        "duration" : 146
      },
      "status" : "passed",
      "steps" : [ ],
      "attachments" : [ ],
      "parameters" : [ ],
      "attachmentsCount" : 0,
      "stepsCount" : 0,
      "hasContent" : false,
      "shouldDisplayMessage" : false
    }, {
      "name" : "Enter password",
      "time" : {
        "start" : 1704362631899,
        "stop" : 1704362631997,
        "duration" : 98
      },
      "status" : "passed",
      "steps" : [ ],
      "attachments" : [ ],
      "parameters" : [ ],
      "attachmentsCount" : 0,
      "stepsCount" : 0,
      "hasContent" : false,
      "shouldDisplayMessage" : false
    }, {
      "name" : "Confirm login and pass - Click submit button",
      "time" : {
        "start" : 1704362631997,
        "stop" : 1704362632062,
        "duration" : 65
      },
      "status" : "passed",
      "steps" : [ ],
      "attachments" : [ ],
      "parameters" : [ ],
      "attachmentsCount" : 0,
      "stepsCount" : 0,
      "hasContent" : false,
      "shouldDisplayMessage" : false
    }, {
      "name" : "Page https://dev.qosyl.kz/ is opened",
      "time" : {
        "start" : 1704362632062,
        "stop" : 1704362633068,
        "duration" : 1006
      },
      "status" : "passed",
      "steps" : [ ],
      "attachments" : [ ],
      "parameters" : [ ],
      "attachmentsCount" : 0,
      "stepsCount" : 0,
      "hasContent" : false,
      "shouldDisplayMessage" : false
    }, {
      "name" : "Click on planning meet button",
      "time" : {
        "start" : 1704362633068,
        "stop" : 1704362633116,
        "duration" : 48
      },
      "status" : "passed",
      "steps" : [ ],
      "attachments" : [ ],
      "parameters" : [ ],
      "attachmentsCount" : 0,
      "stepsCount" : 0,
      "hasContent" : false,
      "shouldDisplayMessage" : false
    }, {
      "name" : "Page https://dev.qosyl.kz/schedule is opened",
      "time" : {
        "start" : 1704362633116,
        "stop" : 1704362633118,
        "duration" : 2
      },
      "status" : "passed",
      "steps" : [ ],
      "attachments" : [ ],
      "parameters" : [ ],
      "attachmentsCount" : 0,
      "stepsCount" : 0,
      "hasContent" : false,
      "shouldDisplayMessage" : false
    }, {
      "name" : "Add topic name",
      "time" : {
        "start" : 1704362633118,
        "stop" : 1704362634226,
        "duration" : 1108
      },
      "status" : "passed",
      "steps" : [ ],
      "attachments" : [ ],
      "parameters" : [ ],
      "attachmentsCount" : 0,
      "stepsCount" : 0,
      "hasContent" : false,
      "shouldDisplayMessage" : false
    }, {
      "name" : "Click user tab button",
      "time" : {
        "start" : 1704362634226,
        "stop" : 1704362644289,
        "duration" : 10063
      },
      "status" : "broken",
      "statusMessage" : "selenium.common.exceptions.TimeoutException: Message: \n\n",
      "statusTrace" : "  File \"/usr/local/lib/python3.12/site-packages/allure_commons/_allure.py\", line 192, in impl\n    return func(*a, **kw)\n           ^^^^^^^^^^^^^^\n  File \"/usr/workspace/pages/user2/planning_meet_page_2.py\", line 103, in click_user_tab_button\n    self.wait.until(EC.element_to_be_clickable(self.USERS_TAB)).click()\n    ^^^^^^^^^^^^^^^^^^^^^^^^^^^^^^^^^^^^^^^^^^^^^^^^^^^^^^^^^^^\n  File \"/usr/local/lib/python3.12/site-packages/selenium/webdriver/support/wait.py\", line 95, in until\n    raise TimeoutException(message, screen, stacktrace)\n",
      "steps" : [ ],
      "attachments" : [ ],
      "parameters" : [ ],
      "attachmentsCount" : 0,
      "stepsCount" : 0,
      "hasContent" : true,
      "shouldDisplayMessage" : true
    } ],
    "attachments" : [ ],
    "parameters" : [ ],
    "attachmentsCount" : 0,
    "stepsCount" : 9,
    "hasContent" : true,
    "shouldDisplayMessage" : true
  },
  "afterStages" : [ {
    "name" : "driver_1::0",
    "time" : {
      "start" : 1704362644321,
      "stop" : 1704362644377,
      "duration" : 56
    },
    "status" : "passed",
    "steps" : [ ],
    "attachments" : [ ],
    "parameters" : [ ],
    "attachmentsCount" : 0,
    "stepsCount" : 0,
    "hasContent" : false,
    "shouldDisplayMessage" : false
  } ],
  "labels" : [ {
    "name" : "feature",
    "value" : "Planning meeting functionality"
  }, {
    "name" : "severity",
    "value" : "Critical"
  }, {
    "name" : "parentSuite",
    "value" : "tests"
  }, {
    "name" : "suite",
    "value" : "planning_meeting_test"
  }, {
    "name" : "subSuite",
    "value" : "TestPlanningMeeting"
  }, {
    "name" : "host",
    "value" : "d88bc4f5ee46"
  }, {
    "name" : "thread",
    "value" : "8-MainThread"
  }, {
    "name" : "framework",
    "value" : "pytest"
  }, {
    "name" : "language",
    "value" : "cpython3"
  }, {
    "name" : "package",
    "value" : "tests.planning_meeting_test"
  }, {
    "name" : "resultFormat",
    "value" : "allure2"
  } ],
  "parameters" : [ ],
  "links" : [ ],
  "hidden" : false,
  "retry" : false,
  "extra" : {
    "severity" : "critical",
    "retries" : [ ],
    "categories" : [ {
      "name" : "Test defects",
      "matchedStatuses" : [ ],
      "flaky" : false
    } ],
    "history" : {
      "statistic" : {
        "failed" : 0,
        "broken" : 8,
        "skipped" : 0,
        "passed" : 0,
        "unknown" : 0,
        "total" : 8
      },
      "items" : [ {
        "uid" : "86b3c70b0257154b",
        "status" : "broken",
        "statusDetails" : "selenium.common.exceptions.TimeoutException: Message:",
        "time" : {
          "start" : 1704345272614,
          "stop" : 1704345286758,
          "duration" : 14144
        }
      }, {
        "uid" : "56632d1969a34770",
        "status" : "broken",
        "statusDetails" : "selenium.common.exceptions.TimeoutException: Message:",
        "time" : {
          "start" : 1704344858077,
          "stop" : 1704344872256,
          "duration" : 14179
        }
      }, {
        "uid" : "616174ce047f2cb1",
        "status" : "broken",
        "statusDetails" : "selenium.common.exceptions.TimeoutException: Message:",
        "time" : {
          "start" : 1703135124237,
          "stop" : 1703135138363,
          "duration" : 14126
        }
      }, {
        "uid" : "9de683ba17fae5c2",
        "status" : "broken",
        "statusDetails" : "selenium.common.exceptions.TimeoutException: Message:",
        "time" : {
          "start" : 1703131071064,
          "stop" : 1703131086718,
          "duration" : 15654
        }
      }, {
        "uid" : "696c936bd79c3815",
        "status" : "broken",
        "statusDetails" : "selenium.common.exceptions.TimeoutException: Message:",
        "time" : {
          "start" : 1702532391506,
          "stop" : 1702532405621,
          "duration" : 14115
        }
      }, {
        "uid" : "c115b830db117164",
        "status" : "broken",
        "statusDetails" : "selenium.common.exceptions.TimeoutException: Message:",
        "time" : {
          "start" : 1702372694382,
          "stop" : 1702372708894,
          "duration" : 14512
        }
      }, {
        "uid" : "8ec5a495e3d529f8",
        "status" : "broken",
        "statusDetails" : "selenium.common.exceptions.TimeoutException: Message:",
        "time" : {
          "start" : 1702372113419,
          "stop" : 1702372125352,
          "duration" : 11933
        }
      } ]
    },
    "tags" : [ ]
  },
  "source" : "800bd0de902c8df9.json",
  "parameterValues" : [ ]
}