{
  "uid" : "89dc16e4f94fbffe",
  "name" : "Switching to messages from main page",
  "fullName" : "tests.main_page_test.TestMainPage#test_switching_to_messages",
  "historyId" : "3a93f81a26e0e38188b97fd602a9d98f",
  "time" : {
    "start" : 1702372062127,
    "stop" : 1702372074054,
    "duration" : 11927
  },
  "status" : "broken",
  "statusMessage" : "selenium.common.exceptions.TimeoutException: Message:",
  "statusTrace" : "self = <main_page_test.TestMainPage object at 0x7f20c30795e0>, user_1 = None\n\n    @allure.title(\"Switching to messages from main page\")\n    @allure.severity(\"Normal\")\n    def test_switching_to_messages(self, user_1):\n        self.login_page.open()\n        self.login_page.enter_login(self.data.LOGIN)\n        self.login_page.enter_password(self.data.PASSWORD)\n        self.login_page.click_submit_button()\n>       self.main_page.is_opened()\n\ntests/main_page_test.py:56: \n_ _ _ _ _ _ _ _ _ _ _ _ _ _ _ _ _ _ _ _ _ _ _ _ _ _ _ _ _ _ _ _ _ _ _ _ _ _ _ _ \nbase/base_page.py:35: in is_opened\n    self.wait.until(EC.url_to_be(self.PAGE_URL))\n_ _ _ _ _ _ _ _ _ _ _ _ _ _ _ _ _ _ _ _ _ _ _ _ _ _ _ _ _ _ _ _ _ _ _ _ _ _ _ _ \n\nself = <selenium.webdriver.support.wait.WebDriverWait (session=\"f9d0cedbc6ff1813f51675dee668b9b0\")>\nmethod = <function url_to_be.<locals>._predicate at 0x7f20c2484fe0>\nmessage = ''\n\n    def until(self, method, message: str = \"\"):\n        \"\"\"Calls the method provided with the driver as an argument until the \\\n        return value does not evaluate to ``False``.\n    \n        :param method: callable(WebDriver)\n        :param message: optional message for :exc:`TimeoutException`\n        :returns: the result of the last call to `method`\n        :raises: :exc:`selenium.common.exceptions.TimeoutException` if timeout occurs\n        \"\"\"\n        screen = None\n        stacktrace = None\n    \n        end_time = time.monotonic() + self._timeout\n        while True:\n            try:\n                value = method(self._driver)\n                if value:\n                    return value\n            except self._ignored_exceptions as exc:\n                screen = getattr(exc, \"screen\", None)\n                stacktrace = getattr(exc, \"stacktrace\", None)\n            time.sleep(self._poll)\n            if time.monotonic() > end_time:\n                break\n>       raise TimeoutException(message, screen, stacktrace)\nE       selenium.common.exceptions.TimeoutException: Message:\n\n../local/lib/python3.12/site-packages/selenium/webdriver/support/wait.py:95: TimeoutException",
  "flaky" : false,
  "newFailed" : false,
  "beforeStages" : [ {
    "name" : "user_1",
    "time" : {
      "start" : 1702372062127,
      "stop" : 1702372062127,
      "duration" : 0
    },
    "status" : "passed",
    "steps" : [ ],
    "attachments" : [ ],
    "parameters" : [ ],
    "attachmentsCount" : 0,
    "shouldDisplayMessage" : false,
    "stepsCount" : 0,
    "hasContent" : false
  }, {
    "name" : "driver_1",
    "time" : {
      "start" : 1702372061304,
      "stop" : 1702372062126,
      "duration" : 822
    },
    "status" : "passed",
    "steps" : [ ],
    "attachments" : [ ],
    "parameters" : [ ],
    "attachmentsCount" : 0,
    "shouldDisplayMessage" : false,
    "stepsCount" : 0,
    "hasContent" : false
  } ],
  "testStage" : {
    "status" : "broken",
    "statusMessage" : "selenium.common.exceptions.TimeoutException: Message:",
    "statusTrace" : "self = <main_page_test.TestMainPage object at 0x7f20c30795e0>, user_1 = None\n\n    @allure.title(\"Switching to messages from main page\")\n    @allure.severity(\"Normal\")\n    def test_switching_to_messages(self, user_1):\n        self.login_page.open()\n        self.login_page.enter_login(self.data.LOGIN)\n        self.login_page.enter_password(self.data.PASSWORD)\n        self.login_page.click_submit_button()\n>       self.main_page.is_opened()\n\ntests/main_page_test.py:56: \n_ _ _ _ _ _ _ _ _ _ _ _ _ _ _ _ _ _ _ _ _ _ _ _ _ _ _ _ _ _ _ _ _ _ _ _ _ _ _ _ \nbase/base_page.py:35: in is_opened\n    self.wait.until(EC.url_to_be(self.PAGE_URL))\n_ _ _ _ _ _ _ _ _ _ _ _ _ _ _ _ _ _ _ _ _ _ _ _ _ _ _ _ _ _ _ _ _ _ _ _ _ _ _ _ \n\nself = <selenium.webdriver.support.wait.WebDriverWait (session=\"f9d0cedbc6ff1813f51675dee668b9b0\")>\nmethod = <function url_to_be.<locals>._predicate at 0x7f20c2484fe0>\nmessage = ''\n\n    def until(self, method, message: str = \"\"):\n        \"\"\"Calls the method provided with the driver as an argument until the \\\n        return value does not evaluate to ``False``.\n    \n        :param method: callable(WebDriver)\n        :param message: optional message for :exc:`TimeoutException`\n        :returns: the result of the last call to `method`\n        :raises: :exc:`selenium.common.exceptions.TimeoutException` if timeout occurs\n        \"\"\"\n        screen = None\n        stacktrace = None\n    \n        end_time = time.monotonic() + self._timeout\n        while True:\n            try:\n                value = method(self._driver)\n                if value:\n                    return value\n            except self._ignored_exceptions as exc:\n                screen = getattr(exc, \"screen\", None)\n                stacktrace = getattr(exc, \"stacktrace\", None)\n            time.sleep(self._poll)\n            if time.monotonic() > end_time:\n                break\n>       raise TimeoutException(message, screen, stacktrace)\nE       selenium.common.exceptions.TimeoutException: Message:\n\n../local/lib/python3.12/site-packages/selenium/webdriver/support/wait.py:95: TimeoutException",
    "steps" : [ {
      "name" : "Open https://dev.qosyl.kz/login page",
      "time" : {
        "start" : 1702372062127,
        "stop" : 1702372063739,
        "duration" : 1612
      },
      "status" : "passed",
      "steps" : [ ],
      "attachments" : [ ],
      "parameters" : [ ],
      "attachmentsCount" : 0,
      "shouldDisplayMessage" : false,
      "stepsCount" : 0,
      "hasContent" : false
    }, {
      "name" : "Enter login",
      "time" : {
        "start" : 1702372063739,
        "stop" : 1702372063877,
        "duration" : 138
      },
      "status" : "passed",
      "steps" : [ ],
      "attachments" : [ ],
      "parameters" : [ ],
      "attachmentsCount" : 0,
      "shouldDisplayMessage" : false,
      "stepsCount" : 0,
      "hasContent" : false
    }, {
      "name" : "Enter password",
      "time" : {
        "start" : 1702372063878,
        "stop" : 1702372063955,
        "duration" : 77
      },
      "status" : "passed",
      "steps" : [ ],
      "attachments" : [ ],
      "parameters" : [ ],
      "attachmentsCount" : 0,
      "shouldDisplayMessage" : false,
      "stepsCount" : 0,
      "hasContent" : false
    }, {
      "name" : "Confirm login and pass - Click submit button",
      "time" : {
        "start" : 1702372063955,
        "stop" : 1702372064020,
        "duration" : 65
      },
      "status" : "passed",
      "steps" : [ ],
      "attachments" : [ ],
      "parameters" : [ ],
      "attachmentsCount" : 0,
      "shouldDisplayMessage" : false,
      "stepsCount" : 0,
      "hasContent" : false
    }, {
      "name" : "Page https://dev.qosyl.kz/ is opened",
      "time" : {
        "start" : 1702372064021,
        "stop" : 1702372074054,
        "duration" : 10033
      },
      "status" : "broken",
      "statusMessage" : "selenium.common.exceptions.TimeoutException: Message: \n\n",
      "statusTrace" : "  File \"/usr/workspace/base/base_page.py\", line 35, in is_opened\n    self.wait.until(EC.url_to_be(self.PAGE_URL))\n  File \"/usr/local/lib/python3.12/site-packages/selenium/webdriver/support/wait.py\", line 95, in until\n    raise TimeoutException(message, screen, stacktrace)\n",
      "steps" : [ ],
      "attachments" : [ ],
      "parameters" : [ ],
      "attachmentsCount" : 0,
      "shouldDisplayMessage" : true,
      "stepsCount" : 0,
      "hasContent" : true
    } ],
    "attachments" : [ ],
    "parameters" : [ ],
    "attachmentsCount" : 0,
    "shouldDisplayMessage" : true,
    "stepsCount" : 5,
    "hasContent" : true
  },
  "afterStages" : [ {
    "name" : "driver_1::0",
    "time" : {
      "start" : 1702372074061,
      "stop" : 1702372074116,
      "duration" : 55
    },
    "status" : "passed",
    "steps" : [ ],
    "attachments" : [ ],
    "parameters" : [ ],
    "attachmentsCount" : 0,
    "shouldDisplayMessage" : false,
    "stepsCount" : 0,
    "hasContent" : false
  } ],
  "labels" : [ {
    "name" : "severity",
    "value" : "Normal"
  }, {
    "name" : "feature",
    "value" : "Main page functionality"
  }, {
    "name" : "parentSuite",
    "value" : "tests"
  }, {
    "name" : "suite",
    "value" : "main_page_test"
  }, {
    "name" : "subSuite",
    "value" : "TestMainPage"
  }, {
    "name" : "host",
    "value" : "283c81275c4a"
  }, {
    "name" : "thread",
    "value" : "8-MainThread"
  }, {
    "name" : "framework",
    "value" : "pytest"
  }, {
    "name" : "language",
    "value" : "cpython3"
  }, {
    "name" : "package",
    "value" : "tests.main_page_test"
  }, {
    "name" : "resultFormat",
    "value" : "allure2"
  } ],
  "parameters" : [ ],
  "links" : [ ],
  "hidden" : false,
  "retry" : false,
  "extra" : {
    "severity" : "normal",
    "retries" : [ ],
    "categories" : [ {
      "name" : "Test defects",
      "matchedStatuses" : [ ],
      "flaky" : false
    } ],
    "tags" : [ ]
  },
  "source" : "89dc16e4f94fbffe.json",
  "parameterValues" : [ ]
}