{
  "uid" : "8f365eb3321ee226",
  "name" : "Blok schedule",
  "fullName" : "tests.cancel_meet_test.TestScheduleCancel#test_cancel_schedule",
  "historyId" : "ddd006ca48c368d64f00224270d5e678",
  "time" : {
    "start" : 1701169691108,
    "stop" : 1701169716227,
    "duration" : 25119
  },
  "status" : "broken",
  "statusMessage" : "selenium.common.exceptions.TimeoutException: Message:",
  "statusTrace" : "self = <cancel_meet_test.TestScheduleCancel object at 0x7f849a49b1a0>\nsetup_1 = None\n\n    @allure.title(\"Blok schedule\")\n    @allure.severity(\"Normal\")\n    def test_cancel_schedule(self, setup_1):\n        self.login_page.open()\n        self.login_page.enter_login(self.data.LOGIN)\n        self.login_page.enter_password(self.data.PASSWORD)\n        self.login_page.click_submit_button()\n        self.main_page.is_opened()\n        self.main_page.click_on_planning_meet_button()\n        self.planning_meet_page.is_opened()\n        self.planning_meet_page.add_topic()\n        self.planning_meet_page.save_schedule()\n        self.main_page.open()\n        self.main_page.click_on_planned_name_meet()\n        self.main_page.click_on_cancell_meet_button()\n        self.main_page.click_on_confirm_action_button()\n        self.main_page.check_push_meet_cancel()\n>       self.main_page.click_on_canceled_name_meet()\n\ntests/cancel_meet_test.py:26: \n_ _ _ _ _ _ _ _ _ _ _ _ _ _ _ _ _ _ _ _ _ _ _ _ _ _ _ _ _ _ _ _ _ _ _ _ _ _ _ _ \npages/user2/main_page_2.py:69: in click_on_canceled_name_meet\n    self.wait.until(EC.visibility_of_element_located(self.CANNCELED_MEET_NAME_BUTTON)).click()\n_ _ _ _ _ _ _ _ _ _ _ _ _ _ _ _ _ _ _ _ _ _ _ _ _ _ _ _ _ _ _ _ _ _ _ _ _ _ _ _ \n\nself = <selenium.webdriver.support.wait.WebDriverWait (session=\"afd06f7442249c1099c06bbfef6ef77f\")>\nmethod = <function visibility_of_element_located.<locals>._predicate at 0x7f8499814f40>\nmessage = ''\n\n    def until(self, method, message: str = \"\"):\n        \"\"\"Calls the method provided with the driver as an argument until the \\\n        return value does not evaluate to ``False``.\n    \n        :param method: callable(WebDriver)\n        :param message: optional message for :exc:`TimeoutException`\n        :returns: the result of the last call to `method`\n        :raises: :exc:`selenium.common.exceptions.TimeoutException` if timeout occurs\n        \"\"\"\n        screen = None\n        stacktrace = None\n    \n        end_time = time.monotonic() + self._timeout\n        while True:\n            try:\n                value = method(self._driver)\n                if value:\n                    return value\n            except self._ignored_exceptions as exc:\n                screen = getattr(exc, \"screen\", None)\n                stacktrace = getattr(exc, \"stacktrace\", None)\n            time.sleep(self._poll)\n            if time.monotonic() > end_time:\n                break\n>       raise TimeoutException(message, screen, stacktrace)\nE       selenium.common.exceptions.TimeoutException: Message:\n\n../local/lib/python3.12/site-packages/selenium/webdriver/support/wait.py:95: TimeoutException",
  "flaky" : false,
  "newFailed" : false,
  "beforeStages" : [ {
    "name" : "driver_1",
    "time" : {
      "start" : 1701169690292,
      "stop" : 1701169691107,
      "duration" : 815
    },
    "status" : "passed",
    "steps" : [ ],
    "attachments" : [ ],
    "parameters" : [ ],
    "attachmentsCount" : 0,
    "stepsCount" : 0,
    "hasContent" : false,
    "shouldDisplayMessage" : false
  }, {
    "name" : "setup_1",
    "time" : {
      "start" : 1701169691107,
      "stop" : 1701169691107,
      "duration" : 0
    },
    "status" : "passed",
    "steps" : [ ],
    "attachments" : [ ],
    "parameters" : [ ],
    "attachmentsCount" : 0,
    "stepsCount" : 0,
    "hasContent" : false,
    "shouldDisplayMessage" : false
  } ],
  "testStage" : {
    "status" : "broken",
    "statusMessage" : "selenium.common.exceptions.TimeoutException: Message:",
    "statusTrace" : "self = <cancel_meet_test.TestScheduleCancel object at 0x7f849a49b1a0>\nsetup_1 = None\n\n    @allure.title(\"Blok schedule\")\n    @allure.severity(\"Normal\")\n    def test_cancel_schedule(self, setup_1):\n        self.login_page.open()\n        self.login_page.enter_login(self.data.LOGIN)\n        self.login_page.enter_password(self.data.PASSWORD)\n        self.login_page.click_submit_button()\n        self.main_page.is_opened()\n        self.main_page.click_on_planning_meet_button()\n        self.planning_meet_page.is_opened()\n        self.planning_meet_page.add_topic()\n        self.planning_meet_page.save_schedule()\n        self.main_page.open()\n        self.main_page.click_on_planned_name_meet()\n        self.main_page.click_on_cancell_meet_button()\n        self.main_page.click_on_confirm_action_button()\n        self.main_page.check_push_meet_cancel()\n>       self.main_page.click_on_canceled_name_meet()\n\ntests/cancel_meet_test.py:26: \n_ _ _ _ _ _ _ _ _ _ _ _ _ _ _ _ _ _ _ _ _ _ _ _ _ _ _ _ _ _ _ _ _ _ _ _ _ _ _ _ \npages/user2/main_page_2.py:69: in click_on_canceled_name_meet\n    self.wait.until(EC.visibility_of_element_located(self.CANNCELED_MEET_NAME_BUTTON)).click()\n_ _ _ _ _ _ _ _ _ _ _ _ _ _ _ _ _ _ _ _ _ _ _ _ _ _ _ _ _ _ _ _ _ _ _ _ _ _ _ _ \n\nself = <selenium.webdriver.support.wait.WebDriverWait (session=\"afd06f7442249c1099c06bbfef6ef77f\")>\nmethod = <function visibility_of_element_located.<locals>._predicate at 0x7f8499814f40>\nmessage = ''\n\n    def until(self, method, message: str = \"\"):\n        \"\"\"Calls the method provided with the driver as an argument until the \\\n        return value does not evaluate to ``False``.\n    \n        :param method: callable(WebDriver)\n        :param message: optional message for :exc:`TimeoutException`\n        :returns: the result of the last call to `method`\n        :raises: :exc:`selenium.common.exceptions.TimeoutException` if timeout occurs\n        \"\"\"\n        screen = None\n        stacktrace = None\n    \n        end_time = time.monotonic() + self._timeout\n        while True:\n            try:\n                value = method(self._driver)\n                if value:\n                    return value\n            except self._ignored_exceptions as exc:\n                screen = getattr(exc, \"screen\", None)\n                stacktrace = getattr(exc, \"stacktrace\", None)\n            time.sleep(self._poll)\n            if time.monotonic() > end_time:\n                break\n>       raise TimeoutException(message, screen, stacktrace)\nE       selenium.common.exceptions.TimeoutException: Message:\n\n../local/lib/python3.12/site-packages/selenium/webdriver/support/wait.py:95: TimeoutException",
    "steps" : [ {
      "name" : "Open https://dev.qosyl.kz/login page",
      "time" : {
        "start" : 1701169691108,
        "stop" : 1701169696085,
        "duration" : 4977
      },
      "status" : "passed",
      "steps" : [ ],
      "attachments" : [ ],
      "parameters" : [ ],
      "attachmentsCount" : 0,
      "stepsCount" : 0,
      "hasContent" : false,
      "shouldDisplayMessage" : false
    }, {
      "name" : "Enter login",
      "time" : {
        "start" : 1701169696085,
        "stop" : 1701169696217,
        "duration" : 132
      },
      "status" : "passed",
      "steps" : [ ],
      "attachments" : [ ],
      "parameters" : [ ],
      "attachmentsCount" : 0,
      "stepsCount" : 0,
      "hasContent" : false,
      "shouldDisplayMessage" : false
    }, {
      "name" : "Enter password",
      "time" : {
        "start" : 1701169696217,
        "stop" : 1701169696285,
        "duration" : 68
      },
      "status" : "passed",
      "steps" : [ ],
      "attachments" : [ ],
      "parameters" : [ ],
      "attachmentsCount" : 0,
      "stepsCount" : 0,
      "hasContent" : false,
      "shouldDisplayMessage" : false
    }, {
      "name" : "Confir login and pass - Click submit button",
      "time" : {
        "start" : 1701169696285,
        "stop" : 1701169696348,
        "duration" : 63
      },
      "status" : "passed",
      "steps" : [ ],
      "attachments" : [ ],
      "parameters" : [ ],
      "attachmentsCount" : 0,
      "stepsCount" : 0,
      "hasContent" : false,
      "shouldDisplayMessage" : false
    }, {
      "name" : "Page https://dev.qosyl.kz/ is opened",
      "time" : {
        "start" : 1701169696348,
        "stop" : 1701169698357,
        "duration" : 2009
      },
      "status" : "passed",
      "steps" : [ ],
      "attachments" : [ ],
      "parameters" : [ ],
      "attachmentsCount" : 0,
      "stepsCount" : 0,
      "hasContent" : false,
      "shouldDisplayMessage" : false
    }, {
      "name" : "Click on planning meet button",
      "time" : {
        "start" : 1701169698358,
        "stop" : 1701169698405,
        "duration" : 47
      },
      "status" : "passed",
      "steps" : [ ],
      "attachments" : [ ],
      "parameters" : [ ],
      "attachmentsCount" : 0,
      "stepsCount" : 0,
      "hasContent" : false,
      "shouldDisplayMessage" : false
    }, {
      "name" : "Page https://dev.qosyl.kz/schedule is opened",
      "time" : {
        "start" : 1701169698405,
        "stop" : 1701169698407,
        "duration" : 2
      },
      "status" : "passed",
      "steps" : [ ],
      "attachments" : [ ],
      "parameters" : [ ],
      "attachmentsCount" : 0,
      "stepsCount" : 0,
      "hasContent" : false,
      "shouldDisplayMessage" : false
    }, {
      "name" : "Add topic name",
      "time" : {
        "start" : 1701169698407,
        "stop" : 1701169700516,
        "duration" : 2109
      },
      "status" : "passed",
      "steps" : [ ],
      "attachments" : [ ],
      "parameters" : [ ],
      "attachmentsCount" : 0,
      "stepsCount" : 0,
      "hasContent" : false,
      "shouldDisplayMessage" : false
    }, {
      "name" : "Save schedule",
      "time" : {
        "start" : 1701169700516,
        "stop" : 1701169700572,
        "duration" : 56
      },
      "status" : "passed",
      "steps" : [ ],
      "attachments" : [ ],
      "parameters" : [ ],
      "attachmentsCount" : 0,
      "stepsCount" : 0,
      "hasContent" : false,
      "shouldDisplayMessage" : false
    }, {
      "name" : "Open https://dev.qosyl.kz/ page",
      "time" : {
        "start" : 1701169700572,
        "stop" : 1701169700950,
        "duration" : 378
      },
      "status" : "passed",
      "steps" : [ ],
      "attachments" : [ ],
      "parameters" : [ ],
      "attachmentsCount" : 0,
      "stepsCount" : 0,
      "hasContent" : false,
      "shouldDisplayMessage" : false
    }, {
      "name" : "Click on planned name meet",
      "time" : {
        "start" : 1701169700950,
        "stop" : 1701169702011,
        "duration" : 1061
      },
      "status" : "passed",
      "steps" : [ ],
      "attachments" : [ ],
      "parameters" : [ ],
      "attachmentsCount" : 0,
      "stepsCount" : 0,
      "hasContent" : false,
      "shouldDisplayMessage" : false
    }, {
      "name" : "Click on cancell meet button",
      "time" : {
        "start" : 1701169702012,
        "stop" : 1701169704074,
        "duration" : 2062
      },
      "status" : "passed",
      "steps" : [ ],
      "attachments" : [ ],
      "parameters" : [ ],
      "attachmentsCount" : 0,
      "stepsCount" : 0,
      "hasContent" : false,
      "shouldDisplayMessage" : false
    }, {
      "name" : "Click on confirm action button",
      "time" : {
        "start" : 1701169704074,
        "stop" : 1701169705133,
        "duration" : 1059
      },
      "status" : "passed",
      "steps" : [ ],
      "attachments" : [ ],
      "parameters" : [ ],
      "attachmentsCount" : 0,
      "stepsCount" : 0,
      "hasContent" : false,
      "shouldDisplayMessage" : false
    }, {
      "name" : "Check push meet has been cancel",
      "time" : {
        "start" : 1701169705133,
        "stop" : 1701169706168,
        "duration" : 1035
      },
      "status" : "passed",
      "steps" : [ ],
      "attachments" : [ ],
      "parameters" : [ ],
      "attachmentsCount" : 0,
      "stepsCount" : 0,
      "hasContent" : false,
      "shouldDisplayMessage" : false
    }, {
      "name" : "Click on canceled name meet",
      "time" : {
        "start" : 1701169706168,
        "stop" : 1701169716226,
        "duration" : 10058
      },
      "status" : "broken",
      "statusMessage" : "selenium.common.exceptions.TimeoutException: Message: \n\n",
      "statusTrace" : "  File \"/usr/local/lib/python3.12/site-packages/allure_commons/_allure.py\", line 192, in impl\n    return func(*a, **kw)\n           ^^^^^^^^^^^^^^\n  File \"/usr/workspace/pages/user2/main_page_2.py\", line 69, in click_on_canceled_name_meet\n    self.wait.until(EC.visibility_of_element_located(self.CANNCELED_MEET_NAME_BUTTON)).click()\n    ^^^^^^^^^^^^^^^^^^^^^^^^^^^^^^^^^^^^^^^^^^^^^^^^^^^^^^^^^^^^^^^^^^^^^^^^^^^^^^^^^^\n  File \"/usr/local/lib/python3.12/site-packages/selenium/webdriver/support/wait.py\", line 95, in until\n    raise TimeoutException(message, screen, stacktrace)\n",
      "steps" : [ ],
      "attachments" : [ ],
      "parameters" : [ ],
      "attachmentsCount" : 0,
      "stepsCount" : 0,
      "hasContent" : true,
      "shouldDisplayMessage" : true
    } ],
    "attachments" : [ ],
    "parameters" : [ ],
    "attachmentsCount" : 0,
    "stepsCount" : 15,
    "hasContent" : true,
    "shouldDisplayMessage" : true
  },
  "afterStages" : [ {
    "name" : "driver_1::0",
    "time" : {
      "start" : 1701169716257,
      "stop" : 1701169716313,
      "duration" : 56
    },
    "status" : "passed",
    "steps" : [ ],
    "attachments" : [ ],
    "parameters" : [ ],
    "attachmentsCount" : 0,
    "stepsCount" : 0,
    "hasContent" : false,
    "shouldDisplayMessage" : false
  } ],
  "labels" : [ {
    "name" : "severity",
    "value" : "Normal"
  }, {
    "name" : "feature",
    "value" : "Schedule Functionality"
  }, {
    "name" : "parentSuite",
    "value" : "tests"
  }, {
    "name" : "suite",
    "value" : "cancel_meet_test"
  }, {
    "name" : "subSuite",
    "value" : "TestScheduleCancel"
  }, {
    "name" : "host",
    "value" : "76dd715fb46f"
  }, {
    "name" : "thread",
    "value" : "8-MainThread"
  }, {
    "name" : "framework",
    "value" : "pytest"
  }, {
    "name" : "language",
    "value" : "cpython3"
  }, {
    "name" : "package",
    "value" : "tests.cancel_meet_test"
  }, {
    "name" : "resultFormat",
    "value" : "allure2"
  } ],
  "parameters" : [ ],
  "links" : [ ],
  "hidden" : false,
  "retry" : false,
  "extra" : {
    "severity" : "normal",
    "retries" : [ ],
    "categories" : [ {
      "name" : "Test defects",
      "matchedStatuses" : [ ],
      "flaky" : false
    } ],
    "history" : {
      "statistic" : {
        "failed" : 0,
        "broken" : 1,
        "skipped" : 0,
        "passed" : 1,
        "unknown" : 0,
        "total" : 2
      },
      "items" : [ {
        "uid" : "365c215391a41b2",
        "status" : "passed",
        "time" : {
          "start" : 1701073129701,
          "stop" : 1701073140618,
          "duration" : 10917
        }
      } ]
    },
    "tags" : [ ]
  },
  "source" : "8f365eb3321ee226.json",
  "parameterValues" : [ ]
}