{
  "uid" : "94899f7a1cc45479",
  "name" : "send private message in meet",
  "fullName" : "tests.meeting.send_private_message_in_meet_test.TestSendPrivateMessageInMeet#test_send_private_messge_in_meet",
  "historyId" : "d90c73b717933f781a076db15c09a8b2",
  "time" : {
    "start" : 1704631009815,
    "stop" : 1704631025584,
    "duration" : 15769
  },
  "status" : "broken",
  "statusMessage" : "selenium.common.exceptions.TimeoutException: Message:",
  "statusTrace" : "self = <send_private_message_in_meet_test.TestSendPrivateMessageInMeet object at 0x7ff9473e6f30>\nuser_1 = None, user_2 = None\n\n    @allure.title(\"send private message in meet\")\n    @allure.severity(\"Normal\")\n    def test_send_private_messge_in_meet(self, user_1, user_2):\n        self.login_page.open()\n        self.login_page.enter_login(self.data.LOGIN)\n        self.login_page.enter_password(self.data.PASSWORD)\n        self.login_page.click_submit_button()\n        self.main_page.is_opened()\n        self.connect_to_meeting_page.open()\n        self.connect_to_meeting_page.is_opened()\n        self.connect_to_meeting_page.enter_meet_identifier()\n        self.connect_to_meeting_page.click_enter_button()\n        # self.meet_page.click_on_dismiss_alert_button() #Нужен для локального запуска\n        self.meet_page.click_on_enter_without_checking_button()\n        # self.meet_page.click_on_dismiss_alert_button() #Нужен для локального запуска\n        self.meet_page.click_on_enter_without_checking_button()\n>       self.meet_page.check_enter_meet_push()\n\ntests/meeting/send_private_message_in_meet_test.py:25: \n_ _ _ _ _ _ _ _ _ _ _ _ _ _ _ _ _ _ _ _ _ _ _ _ _ _ _ _ _ _ _ _ _ _ _ _ _ _ _ _ \npages/user2/meet_page_2.py:107: in check_enter_meet_push\n    self.wait.until(EC.visibility_of_element_located(self.PUSH_ENTER_MEET))\n_ _ _ _ _ _ _ _ _ _ _ _ _ _ _ _ _ _ _ _ _ _ _ _ _ _ _ _ _ _ _ _ _ _ _ _ _ _ _ _ \n\nself = <selenium.webdriver.support.wait.WebDriverWait (session=\"4e3ef8cbb803dfc3ab97950b03aa131a\")>\nmethod = <function visibility_of_element_located.<locals>._predicate at 0x7ff9470e51c0>\nmessage = ''\n\n    def until(self, method, message: str = \"\"):\n        \"\"\"Calls the method provided with the driver as an argument until the \\\n        return value does not evaluate to ``False``.\n    \n        :param method: callable(WebDriver)\n        :param message: optional message for :exc:`TimeoutException`\n        :returns: the result of the last call to `method`\n        :raises: :exc:`selenium.common.exceptions.TimeoutException` if timeout occurs\n        \"\"\"\n        screen = None\n        stacktrace = None\n    \n        end_time = time.monotonic() + self._timeout\n        while True:\n            try:\n                value = method(self._driver)\n                if value:\n                    return value\n            except self._ignored_exceptions as exc:\n                screen = getattr(exc, \"screen\", None)\n                stacktrace = getattr(exc, \"stacktrace\", None)\n            time.sleep(self._poll)\n            if time.monotonic() > end_time:\n                break\n>       raise TimeoutException(message, screen, stacktrace)\nE       selenium.common.exceptions.TimeoutException: Message:\n\n../local/lib/python3.12/site-packages/selenium/webdriver/support/wait.py:95: TimeoutException",
  "flaky" : false,
  "newFailed" : false,
  "beforeStages" : [ {
    "name" : "user_1",
    "time" : {
      "start" : 1704631009001,
      "stop" : 1704631009002,
      "duration" : 1
    },
    "status" : "passed",
    "steps" : [ ],
    "attachments" : [ ],
    "parameters" : [ ],
    "attachmentsCount" : 0,
    "shouldDisplayMessage" : false,
    "hasContent" : false,
    "stepsCount" : 0
  }, {
    "name" : "driver_2",
    "time" : {
      "start" : 1704631009002,
      "stop" : 1704631009814,
      "duration" : 812
    },
    "status" : "passed",
    "steps" : [ ],
    "attachments" : [ ],
    "parameters" : [ ],
    "attachmentsCount" : 0,
    "shouldDisplayMessage" : false,
    "hasContent" : false,
    "stepsCount" : 0
  }, {
    "name" : "driver_1",
    "time" : {
      "start" : 1704631008175,
      "stop" : 1704631009001,
      "duration" : 826
    },
    "status" : "passed",
    "steps" : [ ],
    "attachments" : [ ],
    "parameters" : [ ],
    "attachmentsCount" : 0,
    "shouldDisplayMessage" : false,
    "hasContent" : false,
    "stepsCount" : 0
  }, {
    "name" : "user_2",
    "time" : {
      "start" : 1704631009815,
      "stop" : 1704631009815,
      "duration" : 0
    },
    "status" : "passed",
    "steps" : [ ],
    "attachments" : [ ],
    "parameters" : [ ],
    "attachmentsCount" : 0,
    "shouldDisplayMessage" : false,
    "hasContent" : false,
    "stepsCount" : 0
  } ],
  "testStage" : {
    "status" : "broken",
    "statusMessage" : "selenium.common.exceptions.TimeoutException: Message:",
    "statusTrace" : "self = <send_private_message_in_meet_test.TestSendPrivateMessageInMeet object at 0x7ff9473e6f30>\nuser_1 = None, user_2 = None\n\n    @allure.title(\"send private message in meet\")\n    @allure.severity(\"Normal\")\n    def test_send_private_messge_in_meet(self, user_1, user_2):\n        self.login_page.open()\n        self.login_page.enter_login(self.data.LOGIN)\n        self.login_page.enter_password(self.data.PASSWORD)\n        self.login_page.click_submit_button()\n        self.main_page.is_opened()\n        self.connect_to_meeting_page.open()\n        self.connect_to_meeting_page.is_opened()\n        self.connect_to_meeting_page.enter_meet_identifier()\n        self.connect_to_meeting_page.click_enter_button()\n        # self.meet_page.click_on_dismiss_alert_button() #Нужен для локального запуска\n        self.meet_page.click_on_enter_without_checking_button()\n        # self.meet_page.click_on_dismiss_alert_button() #Нужен для локального запуска\n        self.meet_page.click_on_enter_without_checking_button()\n>       self.meet_page.check_enter_meet_push()\n\ntests/meeting/send_private_message_in_meet_test.py:25: \n_ _ _ _ _ _ _ _ _ _ _ _ _ _ _ _ _ _ _ _ _ _ _ _ _ _ _ _ _ _ _ _ _ _ _ _ _ _ _ _ \npages/user2/meet_page_2.py:107: in check_enter_meet_push\n    self.wait.until(EC.visibility_of_element_located(self.PUSH_ENTER_MEET))\n_ _ _ _ _ _ _ _ _ _ _ _ _ _ _ _ _ _ _ _ _ _ _ _ _ _ _ _ _ _ _ _ _ _ _ _ _ _ _ _ \n\nself = <selenium.webdriver.support.wait.WebDriverWait (session=\"4e3ef8cbb803dfc3ab97950b03aa131a\")>\nmethod = <function visibility_of_element_located.<locals>._predicate at 0x7ff9470e51c0>\nmessage = ''\n\n    def until(self, method, message: str = \"\"):\n        \"\"\"Calls the method provided with the driver as an argument until the \\\n        return value does not evaluate to ``False``.\n    \n        :param method: callable(WebDriver)\n        :param message: optional message for :exc:`TimeoutException`\n        :returns: the result of the last call to `method`\n        :raises: :exc:`selenium.common.exceptions.TimeoutException` if timeout occurs\n        \"\"\"\n        screen = None\n        stacktrace = None\n    \n        end_time = time.monotonic() + self._timeout\n        while True:\n            try:\n                value = method(self._driver)\n                if value:\n                    return value\n            except self._ignored_exceptions as exc:\n                screen = getattr(exc, \"screen\", None)\n                stacktrace = getattr(exc, \"stacktrace\", None)\n            time.sleep(self._poll)\n            if time.monotonic() > end_time:\n                break\n>       raise TimeoutException(message, screen, stacktrace)\nE       selenium.common.exceptions.TimeoutException: Message:\n\n../local/lib/python3.12/site-packages/selenium/webdriver/support/wait.py:95: TimeoutException",
    "steps" : [ {
      "name" : "Open https://dev.qosyl.kz/login page",
      "time" : {
        "start" : 1704631009815,
        "stop" : 1704631011471,
        "duration" : 1656
      },
      "status" : "passed",
      "steps" : [ ],
      "attachments" : [ ],
      "parameters" : [ ],
      "attachmentsCount" : 0,
      "shouldDisplayMessage" : false,
      "hasContent" : false,
      "stepsCount" : 0
    }, {
      "name" : "Enter login",
      "time" : {
        "start" : 1704631011471,
        "stop" : 1704631011612,
        "duration" : 141
      },
      "status" : "passed",
      "steps" : [ ],
      "attachments" : [ ],
      "parameters" : [ ],
      "attachmentsCount" : 0,
      "shouldDisplayMessage" : false,
      "hasContent" : false,
      "stepsCount" : 0
    }, {
      "name" : "Enter password",
      "time" : {
        "start" : 1704631011613,
        "stop" : 1704631011714,
        "duration" : 101
      },
      "status" : "passed",
      "steps" : [ ],
      "attachments" : [ ],
      "parameters" : [ ],
      "attachmentsCount" : 0,
      "shouldDisplayMessage" : false,
      "hasContent" : false,
      "stepsCount" : 0
    }, {
      "name" : "Confirm login and pass - Click submit button",
      "time" : {
        "start" : 1704631011714,
        "stop" : 1704631011779,
        "duration" : 65
      },
      "status" : "passed",
      "steps" : [ ],
      "attachments" : [ ],
      "parameters" : [ ],
      "attachmentsCount" : 0,
      "shouldDisplayMessage" : false,
      "hasContent" : false,
      "stepsCount" : 0
    }, {
      "name" : "Page https://dev.qosyl.kz/ is opened",
      "time" : {
        "start" : 1704631011779,
        "stop" : 1704631012784,
        "duration" : 1005
      },
      "status" : "passed",
      "steps" : [ ],
      "attachments" : [ ],
      "parameters" : [ ],
      "attachmentsCount" : 0,
      "shouldDisplayMessage" : false,
      "hasContent" : false,
      "stepsCount" : 0
    }, {
      "name" : "Open https://dev.qosyl.kz/meeting/ page",
      "time" : {
        "start" : 1704631012784,
        "stop" : 1704631014565,
        "duration" : 1781
      },
      "status" : "passed",
      "steps" : [ ],
      "attachments" : [ ],
      "parameters" : [ ],
      "attachmentsCount" : 0,
      "shouldDisplayMessage" : false,
      "hasContent" : false,
      "stepsCount" : 0
    }, {
      "name" : "Page https://dev.qosyl.kz/meeting/ is opened",
      "time" : {
        "start" : 1704631014565,
        "stop" : 1704631014568,
        "duration" : 3
      },
      "status" : "passed",
      "steps" : [ ],
      "attachments" : [ ],
      "parameters" : [ ],
      "attachmentsCount" : 0,
      "shouldDisplayMessage" : false,
      "hasContent" : false,
      "stepsCount" : 0
    }, {
      "name" : "Enter meet identifier",
      "time" : {
        "start" : 1704631014568,
        "stop" : 1704631014641,
        "duration" : 73
      },
      "status" : "passed",
      "steps" : [ ],
      "attachments" : [ ],
      "parameters" : [ ],
      "attachmentsCount" : 0,
      "shouldDisplayMessage" : false,
      "hasContent" : false,
      "stepsCount" : 0
    }, {
      "name" : "Click enter button",
      "time" : {
        "start" : 1704631014641,
        "stop" : 1704631014715,
        "duration" : 74
      },
      "status" : "passed",
      "steps" : [ ],
      "attachments" : [ ],
      "parameters" : [ ],
      "attachmentsCount" : 0,
      "shouldDisplayMessage" : false,
      "hasContent" : false,
      "stepsCount" : 0
    }, {
      "name" : "Enter without cheking",
      "time" : {
        "start" : 1704631014716,
        "stop" : 1704631015196,
        "duration" : 480
      },
      "status" : "passed",
      "steps" : [ ],
      "attachments" : [ ],
      "parameters" : [ ],
      "attachmentsCount" : 0,
      "shouldDisplayMessage" : false,
      "hasContent" : false,
      "stepsCount" : 0
    }, {
      "name" : "Enter without cheking",
      "time" : {
        "start" : 1704631015196,
        "stop" : 1704631015515,
        "duration" : 319
      },
      "status" : "passed",
      "steps" : [ ],
      "attachments" : [ ],
      "parameters" : [ ],
      "attachmentsCount" : 0,
      "shouldDisplayMessage" : false,
      "hasContent" : false,
      "stepsCount" : 0
    }, {
      "name" : "Check push enter meet",
      "time" : {
        "start" : 1704631015515,
        "stop" : 1704631025583,
        "duration" : 10068
      },
      "status" : "broken",
      "statusMessage" : "selenium.common.exceptions.TimeoutException: Message: \n\n",
      "statusTrace" : "  File \"/usr/local/lib/python3.12/site-packages/allure_commons/_allure.py\", line 192, in impl\n    return func(*a, **kw)\n           ^^^^^^^^^^^^^^\n  File \"/usr/workspace/pages/user2/meet_page_2.py\", line 107, in check_enter_meet_push\n    self.wait.until(EC.visibility_of_element_located(self.PUSH_ENTER_MEET))\n  File \"/usr/local/lib/python3.12/site-packages/selenium/webdriver/support/wait.py\", line 95, in until\n    raise TimeoutException(message, screen, stacktrace)\n",
      "steps" : [ ],
      "attachments" : [ ],
      "parameters" : [ ],
      "attachmentsCount" : 0,
      "shouldDisplayMessage" : true,
      "hasContent" : true,
      "stepsCount" : 0
    } ],
    "attachments" : [ ],
    "parameters" : [ ],
    "attachmentsCount" : 0,
    "shouldDisplayMessage" : true,
    "hasContent" : true,
    "stepsCount" : 12
  },
  "afterStages" : [ {
    "name" : "driver_2::0",
    "time" : {
      "start" : 1704631025595,
      "stop" : 1704631025649,
      "duration" : 54
    },
    "status" : "passed",
    "steps" : [ ],
    "attachments" : [ ],
    "parameters" : [ ],
    "attachmentsCount" : 0,
    "shouldDisplayMessage" : false,
    "hasContent" : false,
    "stepsCount" : 0
  }, {
    "name" : "driver_1::0",
    "time" : {
      "start" : 1704631025650,
      "stop" : 1704631025707,
      "duration" : 57
    },
    "status" : "passed",
    "steps" : [ ],
    "attachments" : [ ],
    "parameters" : [ ],
    "attachmentsCount" : 0,
    "shouldDisplayMessage" : false,
    "hasContent" : false,
    "stepsCount" : 0
  } ],
  "labels" : [ {
    "name" : "feature",
    "value" : "Meet Functionality"
  }, {
    "name" : "severity",
    "value" : "Normal"
  }, {
    "name" : "parentSuite",
    "value" : "tests.meeting"
  }, {
    "name" : "suite",
    "value" : "send_private_message_in_meet_test"
  }, {
    "name" : "subSuite",
    "value" : "TestSendPrivateMessageInMeet"
  }, {
    "name" : "host",
    "value" : "39ed90d5fca4"
  }, {
    "name" : "thread",
    "value" : "8-MainThread"
  }, {
    "name" : "framework",
    "value" : "pytest"
  }, {
    "name" : "language",
    "value" : "cpython3"
  }, {
    "name" : "package",
    "value" : "tests.meeting.send_private_message_in_meet_test"
  }, {
    "name" : "resultFormat",
    "value" : "allure2"
  } ],
  "parameters" : [ ],
  "links" : [ ],
  "hidden" : false,
  "retry" : false,
  "extra" : {
    "severity" : "normal",
    "retries" : [ ],
    "categories" : [ {
      "name" : "Test defects",
      "matchedStatuses" : [ ],
      "flaky" : false
    } ],
    "history" : {
      "statistic" : {
        "failed" : 0,
        "broken" : 2,
        "skipped" : 0,
        "passed" : 7,
        "unknown" : 0,
        "total" : 9
      },
      "items" : [ {
        "uid" : "127ee7c0211ff9f3",
        "status" : "passed",
        "time" : {
          "start" : 1704362882337,
          "stop" : 1704362899771,
          "duration" : 17434
        }
      }, {
        "uid" : "7c97f4772daa6e7b",
        "status" : "passed",
        "time" : {
          "start" : 1704345486732,
          "stop" : 1704345504364,
          "duration" : 17632
        }
      }, {
        "uid" : "2b6d99dcb223677f",
        "status" : "passed",
        "time" : {
          "start" : 1704345072302,
          "stop" : 1704345088784,
          "duration" : 16482
        }
      }, {
        "uid" : "9a6e844bf42e82d7",
        "status" : "passed",
        "time" : {
          "start" : 1703135328317,
          "stop" : 1703135345670,
          "duration" : 17353
        }
      }, {
        "uid" : "a80bdc0d848f1b54",
        "status" : "passed",
        "time" : {
          "start" : 1703131315963,
          "stop" : 1703131337105,
          "duration" : 21142
        }
      }, {
        "uid" : "b0e4c610ab6739b0",
        "status" : "passed",
        "time" : {
          "start" : 1702532606561,
          "stop" : 1702532624776,
          "duration" : 18215
        }
      }, {
        "uid" : "b258cac6a14311a1",
        "status" : "passed",
        "time" : {
          "start" : 1702372943532,
          "stop" : 1702372965039,
          "duration" : 21507
        }
      }, {
        "uid" : "bab89b8f71f572e3",
        "status" : "broken",
        "statusDetails" : "selenium.common.exceptions.TimeoutException: Message:",
        "time" : {
          "start" : 1702372287967,
          "stop" : 1702372299896,
          "duration" : 11929
        }
      } ]
    },
    "tags" : [ ]
  },
  "source" : "94899f7a1cc45479.json",
  "parameterValues" : [ ]
}