{
  "uid" : "999c595003eb93bc",
  "name" : "On wating room",
  "fullName" : "tests.meeting.on_waiting_room_in_meet_test.TestOnWaitingRoomInMeet#test_on_waiting_room_in_meet",
  "historyId" : "e688acac48ff9977fe6375d3990f3683",
  "time" : {
    "start" : 1703135258375,
    "stop" : 1703135272493,
    "duration" : 14118
  },
  "status" : "broken",
  "statusMessage" : "selenium.common.exceptions.TimeoutException: Message:",
  "statusTrace" : "self = <on_waiting_room_in_meet_test.TestOnWaitingRoomInMeet object at 0x7fb5957acda0>\nuser_1 = None, user_2 = None\n\n    @allure.title(\"On wating room\")\n    @allure.severity(\"Normal\")\n    def test_on_waiting_room_in_meet(self, user_1, user_2):\n        self.login_page.open()\n        self.login_page.enter_login(self.data.LOGIN)\n        self.login_page.enter_password(self.data.PASSWORD)\n        self.login_page.click_submit_button()\n        self.main_page.is_opened()\n        self.main_page.click_on_planning_meet_button()\n        self.planning_meet_page.is_opened()\n        self.planning_meet_page.add_topic_for_waiting_room()\n>       self.planning_meet_page.click_user_tab_button()\n\ntests/meeting/on_waiting_room_in_meet_test.py:19: \n_ _ _ _ _ _ _ _ _ _ _ _ _ _ _ _ _ _ _ _ _ _ _ _ _ _ _ _ _ _ _ _ _ _ _ _ _ _ _ _ \npages/user2/planning_meet_page_2.py:101: in click_user_tab_button\n    self.wait.until(EC.element_to_be_clickable(self.USERS_TAB)).click()\n_ _ _ _ _ _ _ _ _ _ _ _ _ _ _ _ _ _ _ _ _ _ _ _ _ _ _ _ _ _ _ _ _ _ _ _ _ _ _ _ \n\nself = <selenium.webdriver.support.wait.WebDriverWait (session=\"9d0eea3451c17a96ae501a1d7d53a415\")>\nmethod = <function element_to_be_clickable.<locals>._predicate at 0x7fb594a81e40>\nmessage = ''\n\n    def until(self, method, message: str = \"\"):\n        \"\"\"Calls the method provided with the driver as an argument until the \\\n        return value does not evaluate to ``False``.\n    \n        :param method: callable(WebDriver)\n        :param message: optional message for :exc:`TimeoutException`\n        :returns: the result of the last call to `method`\n        :raises: :exc:`selenium.common.exceptions.TimeoutException` if timeout occurs\n        \"\"\"\n        screen = None\n        stacktrace = None\n    \n        end_time = time.monotonic() + self._timeout\n        while True:\n            try:\n                value = method(self._driver)\n                if value:\n                    return value\n            except self._ignored_exceptions as exc:\n                screen = getattr(exc, \"screen\", None)\n                stacktrace = getattr(exc, \"stacktrace\", None)\n            time.sleep(self._poll)\n            if time.monotonic() > end_time:\n                break\n>       raise TimeoutException(message, screen, stacktrace)\nE       selenium.common.exceptions.TimeoutException: Message:\n\n../local/lib/python3.12/site-packages/selenium/webdriver/support/wait.py:95: TimeoutException",
  "flaky" : false,
  "newFailed" : false,
  "beforeStages" : [ {
    "name" : "driver_1",
    "time" : {
      "start" : 1703135256745,
      "stop" : 1703135257560,
      "duration" : 815
    },
    "status" : "passed",
    "steps" : [ ],
    "attachments" : [ ],
    "parameters" : [ ],
    "attachmentsCount" : 0,
    "shouldDisplayMessage" : false,
    "stepsCount" : 0,
    "hasContent" : false
  }, {
    "name" : "user_2",
    "time" : {
      "start" : 1703135258375,
      "stop" : 1703135258375,
      "duration" : 0
    },
    "status" : "passed",
    "steps" : [ ],
    "attachments" : [ ],
    "parameters" : [ ],
    "attachmentsCount" : 0,
    "shouldDisplayMessage" : false,
    "stepsCount" : 0,
    "hasContent" : false
  }, {
    "name" : "driver_2",
    "time" : {
      "start" : 1703135257560,
      "stop" : 1703135258374,
      "duration" : 814
    },
    "status" : "passed",
    "steps" : [ ],
    "attachments" : [ ],
    "parameters" : [ ],
    "attachmentsCount" : 0,
    "shouldDisplayMessage" : false,
    "stepsCount" : 0,
    "hasContent" : false
  }, {
    "name" : "user_1",
    "time" : {
      "start" : 1703135257560,
      "stop" : 1703135257560,
      "duration" : 0
    },
    "status" : "passed",
    "steps" : [ ],
    "attachments" : [ ],
    "parameters" : [ ],
    "attachmentsCount" : 0,
    "shouldDisplayMessage" : false,
    "stepsCount" : 0,
    "hasContent" : false
  } ],
  "testStage" : {
    "status" : "broken",
    "statusMessage" : "selenium.common.exceptions.TimeoutException: Message:",
    "statusTrace" : "self = <on_waiting_room_in_meet_test.TestOnWaitingRoomInMeet object at 0x7fb5957acda0>\nuser_1 = None, user_2 = None\n\n    @allure.title(\"On wating room\")\n    @allure.severity(\"Normal\")\n    def test_on_waiting_room_in_meet(self, user_1, user_2):\n        self.login_page.open()\n        self.login_page.enter_login(self.data.LOGIN)\n        self.login_page.enter_password(self.data.PASSWORD)\n        self.login_page.click_submit_button()\n        self.main_page.is_opened()\n        self.main_page.click_on_planning_meet_button()\n        self.planning_meet_page.is_opened()\n        self.planning_meet_page.add_topic_for_waiting_room()\n>       self.planning_meet_page.click_user_tab_button()\n\ntests/meeting/on_waiting_room_in_meet_test.py:19: \n_ _ _ _ _ _ _ _ _ _ _ _ _ _ _ _ _ _ _ _ _ _ _ _ _ _ _ _ _ _ _ _ _ _ _ _ _ _ _ _ \npages/user2/planning_meet_page_2.py:101: in click_user_tab_button\n    self.wait.until(EC.element_to_be_clickable(self.USERS_TAB)).click()\n_ _ _ _ _ _ _ _ _ _ _ _ _ _ _ _ _ _ _ _ _ _ _ _ _ _ _ _ _ _ _ _ _ _ _ _ _ _ _ _ \n\nself = <selenium.webdriver.support.wait.WebDriverWait (session=\"9d0eea3451c17a96ae501a1d7d53a415\")>\nmethod = <function element_to_be_clickable.<locals>._predicate at 0x7fb594a81e40>\nmessage = ''\n\n    def until(self, method, message: str = \"\"):\n        \"\"\"Calls the method provided with the driver as an argument until the \\\n        return value does not evaluate to ``False``.\n    \n        :param method: callable(WebDriver)\n        :param message: optional message for :exc:`TimeoutException`\n        :returns: the result of the last call to `method`\n        :raises: :exc:`selenium.common.exceptions.TimeoutException` if timeout occurs\n        \"\"\"\n        screen = None\n        stacktrace = None\n    \n        end_time = time.monotonic() + self._timeout\n        while True:\n            try:\n                value = method(self._driver)\n                if value:\n                    return value\n            except self._ignored_exceptions as exc:\n                screen = getattr(exc, \"screen\", None)\n                stacktrace = getattr(exc, \"stacktrace\", None)\n            time.sleep(self._poll)\n            if time.monotonic() > end_time:\n                break\n>       raise TimeoutException(message, screen, stacktrace)\nE       selenium.common.exceptions.TimeoutException: Message:\n\n../local/lib/python3.12/site-packages/selenium/webdriver/support/wait.py:95: TimeoutException",
    "steps" : [ {
      "name" : "Open https://dev.qosyl.kz/login page",
      "time" : {
        "start" : 1703135258375,
        "stop" : 1703135259974,
        "duration" : 1599
      },
      "status" : "passed",
      "steps" : [ ],
      "attachments" : [ ],
      "parameters" : [ ],
      "attachmentsCount" : 0,
      "shouldDisplayMessage" : false,
      "stepsCount" : 0,
      "hasContent" : false
    }, {
      "name" : "Enter login",
      "time" : {
        "start" : 1703135259974,
        "stop" : 1703135260112,
        "duration" : 138
      },
      "status" : "passed",
      "steps" : [ ],
      "attachments" : [ ],
      "parameters" : [ ],
      "attachmentsCount" : 0,
      "shouldDisplayMessage" : false,
      "stepsCount" : 0,
      "hasContent" : false
    }, {
      "name" : "Enter password",
      "time" : {
        "start" : 1703135260112,
        "stop" : 1703135260207,
        "duration" : 95
      },
      "status" : "passed",
      "steps" : [ ],
      "attachments" : [ ],
      "parameters" : [ ],
      "attachmentsCount" : 0,
      "shouldDisplayMessage" : false,
      "stepsCount" : 0,
      "hasContent" : false
    }, {
      "name" : "Confirm login and pass - Click submit button",
      "time" : {
        "start" : 1703135260207,
        "stop" : 1703135260269,
        "duration" : 62
      },
      "status" : "passed",
      "steps" : [ ],
      "attachments" : [ ],
      "parameters" : [ ],
      "attachmentsCount" : 0,
      "shouldDisplayMessage" : false,
      "stepsCount" : 0,
      "hasContent" : false
    }, {
      "name" : "Page https://dev.qosyl.kz/ is opened",
      "time" : {
        "start" : 1703135260270,
        "stop" : 1703135261275,
        "duration" : 1005
      },
      "status" : "passed",
      "steps" : [ ],
      "attachments" : [ ],
      "parameters" : [ ],
      "attachmentsCount" : 0,
      "shouldDisplayMessage" : false,
      "stepsCount" : 0,
      "hasContent" : false
    }, {
      "name" : "Click on planning meet button",
      "time" : {
        "start" : 1703135261275,
        "stop" : 1703135261321,
        "duration" : 46
      },
      "status" : "passed",
      "steps" : [ ],
      "attachments" : [ ],
      "parameters" : [ ],
      "attachmentsCount" : 0,
      "shouldDisplayMessage" : false,
      "stepsCount" : 0,
      "hasContent" : false
    }, {
      "name" : "Page https://dev.qosyl.kz/schedule is opened",
      "time" : {
        "start" : 1703135261321,
        "stop" : 1703135261323,
        "duration" : 2
      },
      "status" : "passed",
      "steps" : [ ],
      "attachments" : [ ],
      "parameters" : [ ],
      "attachmentsCount" : 0,
      "shouldDisplayMessage" : false,
      "stepsCount" : 0,
      "hasContent" : false
    }, {
      "name" : "Add topic name",
      "time" : {
        "start" : 1703135261323,
        "stop" : 1703135262430,
        "duration" : 1107
      },
      "status" : "passed",
      "steps" : [ ],
      "attachments" : [ ],
      "parameters" : [ ],
      "attachmentsCount" : 0,
      "shouldDisplayMessage" : false,
      "stepsCount" : 0,
      "hasContent" : false
    }, {
      "name" : "Click user tab button",
      "time" : {
        "start" : 1703135262430,
        "stop" : 1703135272492,
        "duration" : 10062
      },
      "status" : "broken",
      "statusMessage" : "selenium.common.exceptions.TimeoutException: Message: \n\n",
      "statusTrace" : "  File \"/usr/local/lib/python3.12/site-packages/allure_commons/_allure.py\", line 192, in impl\n    return func(*a, **kw)\n           ^^^^^^^^^^^^^^\n  File \"/usr/workspace/pages/user2/planning_meet_page_2.py\", line 101, in click_user_tab_button\n    self.wait.until(EC.element_to_be_clickable(self.USERS_TAB)).click()\n    ^^^^^^^^^^^^^^^^^^^^^^^^^^^^^^^^^^^^^^^^^^^^^^^^^^^^^^^^^^^\n  File \"/usr/local/lib/python3.12/site-packages/selenium/webdriver/support/wait.py\", line 95, in until\n    raise TimeoutException(message, screen, stacktrace)\n",
      "steps" : [ ],
      "attachments" : [ ],
      "parameters" : [ ],
      "attachmentsCount" : 0,
      "shouldDisplayMessage" : true,
      "stepsCount" : 0,
      "hasContent" : true
    } ],
    "attachments" : [ ],
    "parameters" : [ ],
    "attachmentsCount" : 0,
    "shouldDisplayMessage" : true,
    "stepsCount" : 9,
    "hasContent" : true
  },
  "afterStages" : [ {
    "name" : "driver_1::0",
    "time" : {
      "start" : 1703135272555,
      "stop" : 1703135272611,
      "duration" : 56
    },
    "status" : "passed",
    "steps" : [ ],
    "attachments" : [ ],
    "parameters" : [ ],
    "attachmentsCount" : 0,
    "shouldDisplayMessage" : false,
    "stepsCount" : 0,
    "hasContent" : false
  }, {
    "name" : "driver_2::0",
    "time" : {
      "start" : 1703135272500,
      "stop" : 1703135272555,
      "duration" : 55
    },
    "status" : "passed",
    "steps" : [ ],
    "attachments" : [ ],
    "parameters" : [ ],
    "attachmentsCount" : 0,
    "shouldDisplayMessage" : false,
    "stepsCount" : 0,
    "hasContent" : false
  } ],
  "labels" : [ {
    "name" : "severity",
    "value" : "Normal"
  }, {
    "name" : "feature",
    "value" : "Meet Functionality"
  }, {
    "name" : "parentSuite",
    "value" : "tests.meeting"
  }, {
    "name" : "suite",
    "value" : "on_waiting_room_in_meet_test"
  }, {
    "name" : "subSuite",
    "value" : "TestOnWaitingRoomInMeet"
  }, {
    "name" : "host",
    "value" : "5f036fc238c8"
  }, {
    "name" : "thread",
    "value" : "8-MainThread"
  }, {
    "name" : "framework",
    "value" : "pytest"
  }, {
    "name" : "language",
    "value" : "cpython3"
  }, {
    "name" : "package",
    "value" : "tests.meeting.on_waiting_room_in_meet_test"
  }, {
    "name" : "resultFormat",
    "value" : "allure2"
  } ],
  "parameters" : [ ],
  "links" : [ ],
  "hidden" : false,
  "retry" : false,
  "extra" : {
    "severity" : "normal",
    "retries" : [ ],
    "categories" : [ {
      "name" : "Test defects",
      "matchedStatuses" : [ ],
      "flaky" : false
    } ],
    "history" : {
      "statistic" : {
        "failed" : 0,
        "broken" : 5,
        "skipped" : 0,
        "passed" : 0,
        "unknown" : 0,
        "total" : 5
      },
      "items" : [ {
        "uid" : "400e78e93aa57ee9",
        "status" : "broken",
        "statusDetails" : "selenium.common.exceptions.TimeoutException: Message:",
        "time" : {
          "start" : 1703131233230,
          "stop" : 1703131248926,
          "duration" : 15696
        }
      }, {
        "uid" : "3511d78aa5ca037c",
        "status" : "broken",
        "statusDetails" : "selenium.common.exceptions.TimeoutException: Message:",
        "time" : {
          "start" : 1702532535894,
          "stop" : 1702532550037,
          "duration" : 14143
        }
      }, {
        "uid" : "5633f107b8b658d8",
        "status" : "broken",
        "statusDetails" : "selenium.common.exceptions.TimeoutException: Message:",
        "time" : {
          "start" : 1702372855802,
          "stop" : 1702372871329,
          "duration" : 15527
        }
      }, {
        "uid" : "1adedcd511fdc1dc",
        "status" : "broken",
        "statusDetails" : "selenium.common.exceptions.TimeoutException: Message:",
        "time" : {
          "start" : 1702372233130,
          "stop" : 1702372245064,
          "duration" : 11934
        }
      } ]
    },
    "tags" : [ ]
  },
  "source" : "999c595003eb93bc.json",
  "parameterValues" : [ ]
}