{
  "uid" : "a1564e4584538ceb",
  "name" : "Raise hand at meet",
  "fullName" : "tests.meeting.riase_hand_test.TestRaiseHandInMeet#test_raise_hand_at_meet",
  "historyId" : "cea8e04e1a52ae96f89d1c8ff00da624",
  "time" : {
    "start" : 1704630972630,
    "stop" : 1704630989453,
    "duration" : 16823
  },
  "status" : "broken",
  "statusMessage" : "selenium.common.exceptions.TimeoutException: Message:",
  "statusTrace" : "self = <riase_hand_test.TestRaiseHandInMeet object at 0x7ff9473e41a0>\nuser_1 = None, user_2 = None\n\n    @allure.title(\"Raise hand at meet\")\n    @allure.severity(\"Normal\")\n    def test_raise_hand_at_meet(self, user_1, user_2):\n        self.login_page.open()\n        self.login_page.enter_login(self.data.LOGIN)\n        self.login_page.enter_password(self.data.PASSWORD)\n        self.login_page.click_submit_button()\n        self.main_page.is_opened()\n        self.connect_to_meeting_page.open()\n        self.connect_to_meeting_page.is_opened()\n        self.connect_to_meeting_page.enter_meet_identifier()\n        self.connect_to_meeting_page.click_enter_button()\n        # self.meet_page.click_on_dismiss_alert_button() #Нужен для локального запуска\n        self.meet_page.click_on_enter_without_checking_button()\n        # self.meet_page.click_on_dismiss_alert_button() #Нужен для локального запуска\n        self.meet_page.click_on_enter_without_checking_button()\n>       self.meet_page.check_enter_meet_push()\n\ntests/meeting/riase_hand_test.py:24: \n_ _ _ _ _ _ _ _ _ _ _ _ _ _ _ _ _ _ _ _ _ _ _ _ _ _ _ _ _ _ _ _ _ _ _ _ _ _ _ _ \npages/user2/meet_page_2.py:107: in check_enter_meet_push\n    self.wait.until(EC.visibility_of_element_located(self.PUSH_ENTER_MEET))\n_ _ _ _ _ _ _ _ _ _ _ _ _ _ _ _ _ _ _ _ _ _ _ _ _ _ _ _ _ _ _ _ _ _ _ _ _ _ _ _ \n\nself = <selenium.webdriver.support.wait.WebDriverWait (session=\"dd4dd4862b5f4364dc48b4d2c8578a94\")>\nmethod = <function visibility_of_element_located.<locals>._predicate at 0x7ff947075760>\nmessage = ''\n\n    def until(self, method, message: str = \"\"):\n        \"\"\"Calls the method provided with the driver as an argument until the \\\n        return value does not evaluate to ``False``.\n    \n        :param method: callable(WebDriver)\n        :param message: optional message for :exc:`TimeoutException`\n        :returns: the result of the last call to `method`\n        :raises: :exc:`selenium.common.exceptions.TimeoutException` if timeout occurs\n        \"\"\"\n        screen = None\n        stacktrace = None\n    \n        end_time = time.monotonic() + self._timeout\n        while True:\n            try:\n                value = method(self._driver)\n                if value:\n                    return value\n            except self._ignored_exceptions as exc:\n                screen = getattr(exc, \"screen\", None)\n                stacktrace = getattr(exc, \"stacktrace\", None)\n            time.sleep(self._poll)\n            if time.monotonic() > end_time:\n                break\n>       raise TimeoutException(message, screen, stacktrace)\nE       selenium.common.exceptions.TimeoutException: Message:\n\n../local/lib/python3.12/site-packages/selenium/webdriver/support/wait.py:95: TimeoutException",
  "flaky" : false,
  "newFailed" : false,
  "beforeStages" : [ {
    "name" : "user_1",
    "time" : {
      "start" : 1704630971808,
      "stop" : 1704630971808,
      "duration" : 0
    },
    "status" : "passed",
    "steps" : [ ],
    "attachments" : [ ],
    "parameters" : [ ],
    "attachmentsCount" : 0,
    "shouldDisplayMessage" : false,
    "hasContent" : false,
    "stepsCount" : 0
  }, {
    "name" : "driver_2",
    "time" : {
      "start" : 1704630971808,
      "stop" : 1704630972629,
      "duration" : 821
    },
    "status" : "passed",
    "steps" : [ ],
    "attachments" : [ ],
    "parameters" : [ ],
    "attachmentsCount" : 0,
    "shouldDisplayMessage" : false,
    "hasContent" : false,
    "stepsCount" : 0
  }, {
    "name" : "driver_1",
    "time" : {
      "start" : 1704630970987,
      "stop" : 1704630971808,
      "duration" : 821
    },
    "status" : "passed",
    "steps" : [ ],
    "attachments" : [ ],
    "parameters" : [ ],
    "attachmentsCount" : 0,
    "shouldDisplayMessage" : false,
    "hasContent" : false,
    "stepsCount" : 0
  }, {
    "name" : "user_2",
    "time" : {
      "start" : 1704630972629,
      "stop" : 1704630972630,
      "duration" : 1
    },
    "status" : "passed",
    "steps" : [ ],
    "attachments" : [ ],
    "parameters" : [ ],
    "attachmentsCount" : 0,
    "shouldDisplayMessage" : false,
    "hasContent" : false,
    "stepsCount" : 0
  } ],
  "testStage" : {
    "status" : "broken",
    "statusMessage" : "selenium.common.exceptions.TimeoutException: Message:",
    "statusTrace" : "self = <riase_hand_test.TestRaiseHandInMeet object at 0x7ff9473e41a0>\nuser_1 = None, user_2 = None\n\n    @allure.title(\"Raise hand at meet\")\n    @allure.severity(\"Normal\")\n    def test_raise_hand_at_meet(self, user_1, user_2):\n        self.login_page.open()\n        self.login_page.enter_login(self.data.LOGIN)\n        self.login_page.enter_password(self.data.PASSWORD)\n        self.login_page.click_submit_button()\n        self.main_page.is_opened()\n        self.connect_to_meeting_page.open()\n        self.connect_to_meeting_page.is_opened()\n        self.connect_to_meeting_page.enter_meet_identifier()\n        self.connect_to_meeting_page.click_enter_button()\n        # self.meet_page.click_on_dismiss_alert_button() #Нужен для локального запуска\n        self.meet_page.click_on_enter_without_checking_button()\n        # self.meet_page.click_on_dismiss_alert_button() #Нужен для локального запуска\n        self.meet_page.click_on_enter_without_checking_button()\n>       self.meet_page.check_enter_meet_push()\n\ntests/meeting/riase_hand_test.py:24: \n_ _ _ _ _ _ _ _ _ _ _ _ _ _ _ _ _ _ _ _ _ _ _ _ _ _ _ _ _ _ _ _ _ _ _ _ _ _ _ _ \npages/user2/meet_page_2.py:107: in check_enter_meet_push\n    self.wait.until(EC.visibility_of_element_located(self.PUSH_ENTER_MEET))\n_ _ _ _ _ _ _ _ _ _ _ _ _ _ _ _ _ _ _ _ _ _ _ _ _ _ _ _ _ _ _ _ _ _ _ _ _ _ _ _ \n\nself = <selenium.webdriver.support.wait.WebDriverWait (session=\"dd4dd4862b5f4364dc48b4d2c8578a94\")>\nmethod = <function visibility_of_element_located.<locals>._predicate at 0x7ff947075760>\nmessage = ''\n\n    def until(self, method, message: str = \"\"):\n        \"\"\"Calls the method provided with the driver as an argument until the \\\n        return value does not evaluate to ``False``.\n    \n        :param method: callable(WebDriver)\n        :param message: optional message for :exc:`TimeoutException`\n        :returns: the result of the last call to `method`\n        :raises: :exc:`selenium.common.exceptions.TimeoutException` if timeout occurs\n        \"\"\"\n        screen = None\n        stacktrace = None\n    \n        end_time = time.monotonic() + self._timeout\n        while True:\n            try:\n                value = method(self._driver)\n                if value:\n                    return value\n            except self._ignored_exceptions as exc:\n                screen = getattr(exc, \"screen\", None)\n                stacktrace = getattr(exc, \"stacktrace\", None)\n            time.sleep(self._poll)\n            if time.monotonic() > end_time:\n                break\n>       raise TimeoutException(message, screen, stacktrace)\nE       selenium.common.exceptions.TimeoutException: Message:\n\n../local/lib/python3.12/site-packages/selenium/webdriver/support/wait.py:95: TimeoutException",
    "steps" : [ {
      "name" : "Open https://dev.qosyl.kz/login page",
      "time" : {
        "start" : 1704630972630,
        "stop" : 1704630974252,
        "duration" : 1622
      },
      "status" : "passed",
      "steps" : [ ],
      "attachments" : [ ],
      "parameters" : [ ],
      "attachmentsCount" : 0,
      "shouldDisplayMessage" : false,
      "hasContent" : false,
      "stepsCount" : 0
    }, {
      "name" : "Enter login",
      "time" : {
        "start" : 1704630974253,
        "stop" : 1704630974397,
        "duration" : 144
      },
      "status" : "passed",
      "steps" : [ ],
      "attachments" : [ ],
      "parameters" : [ ],
      "attachmentsCount" : 0,
      "shouldDisplayMessage" : false,
      "hasContent" : false,
      "stepsCount" : 0
    }, {
      "name" : "Enter password",
      "time" : {
        "start" : 1704630974397,
        "stop" : 1704630974525,
        "duration" : 128
      },
      "status" : "passed",
      "steps" : [ ],
      "attachments" : [ ],
      "parameters" : [ ],
      "attachmentsCount" : 0,
      "shouldDisplayMessage" : false,
      "hasContent" : false,
      "stepsCount" : 0
    }, {
      "name" : "Confirm login and pass - Click submit button",
      "time" : {
        "start" : 1704630974525,
        "stop" : 1704630974592,
        "duration" : 67
      },
      "status" : "passed",
      "steps" : [ ],
      "attachments" : [ ],
      "parameters" : [ ],
      "attachmentsCount" : 0,
      "shouldDisplayMessage" : false,
      "hasContent" : false,
      "stepsCount" : 0
    }, {
      "name" : "Page https://dev.qosyl.kz/ is opened",
      "time" : {
        "start" : 1704630974593,
        "stop" : 1704630975598,
        "duration" : 1005
      },
      "status" : "passed",
      "steps" : [ ],
      "attachments" : [ ],
      "parameters" : [ ],
      "attachmentsCount" : 0,
      "shouldDisplayMessage" : false,
      "hasContent" : false,
      "stepsCount" : 0
    }, {
      "name" : "Open https://dev.qosyl.kz/meeting/ page",
      "time" : {
        "start" : 1704630975598,
        "stop" : 1704630977403,
        "duration" : 1805
      },
      "status" : "passed",
      "steps" : [ ],
      "attachments" : [ ],
      "parameters" : [ ],
      "attachmentsCount" : 0,
      "shouldDisplayMessage" : false,
      "hasContent" : false,
      "stepsCount" : 0
    }, {
      "name" : "Page https://dev.qosyl.kz/meeting/ is opened",
      "time" : {
        "start" : 1704630977403,
        "stop" : 1704630977406,
        "duration" : 3
      },
      "status" : "passed",
      "steps" : [ ],
      "attachments" : [ ],
      "parameters" : [ ],
      "attachmentsCount" : 0,
      "shouldDisplayMessage" : false,
      "hasContent" : false,
      "stepsCount" : 0
    }, {
      "name" : "Enter meet identifier",
      "time" : {
        "start" : 1704630977406,
        "stop" : 1704630977479,
        "duration" : 73
      },
      "status" : "passed",
      "steps" : [ ],
      "attachments" : [ ],
      "parameters" : [ ],
      "attachmentsCount" : 0,
      "shouldDisplayMessage" : false,
      "hasContent" : false,
      "stepsCount" : 0
    }, {
      "name" : "Click enter button",
      "time" : {
        "start" : 1704630977479,
        "stop" : 1704630977561,
        "duration" : 82
      },
      "status" : "passed",
      "steps" : [ ],
      "attachments" : [ ],
      "parameters" : [ ],
      "attachmentsCount" : 0,
      "shouldDisplayMessage" : false,
      "hasContent" : false,
      "stepsCount" : 0
    }, {
      "name" : "Enter without cheking",
      "time" : {
        "start" : 1704630977561,
        "stop" : 1704630978037,
        "duration" : 476
      },
      "status" : "passed",
      "steps" : [ ],
      "attachments" : [ ],
      "parameters" : [ ],
      "attachmentsCount" : 0,
      "shouldDisplayMessage" : false,
      "hasContent" : false,
      "stepsCount" : 0
    }, {
      "name" : "Enter without cheking",
      "time" : {
        "start" : 1704630978038,
        "stop" : 1704630979387,
        "duration" : 1349
      },
      "status" : "passed",
      "steps" : [ ],
      "attachments" : [ ],
      "parameters" : [ ],
      "attachmentsCount" : 0,
      "shouldDisplayMessage" : false,
      "hasContent" : false,
      "stepsCount" : 0
    }, {
      "name" : "Check push enter meet",
      "time" : {
        "start" : 1704630979387,
        "stop" : 1704630989452,
        "duration" : 10065
      },
      "status" : "broken",
      "statusMessage" : "selenium.common.exceptions.TimeoutException: Message: \n\n",
      "statusTrace" : "  File \"/usr/local/lib/python3.12/site-packages/allure_commons/_allure.py\", line 192, in impl\n    return func(*a, **kw)\n           ^^^^^^^^^^^^^^\n  File \"/usr/workspace/pages/user2/meet_page_2.py\", line 107, in check_enter_meet_push\n    self.wait.until(EC.visibility_of_element_located(self.PUSH_ENTER_MEET))\n  File \"/usr/local/lib/python3.12/site-packages/selenium/webdriver/support/wait.py\", line 95, in until\n    raise TimeoutException(message, screen, stacktrace)\n",
      "steps" : [ ],
      "attachments" : [ ],
      "parameters" : [ ],
      "attachmentsCount" : 0,
      "shouldDisplayMessage" : true,
      "hasContent" : true,
      "stepsCount" : 0
    } ],
    "attachments" : [ ],
    "parameters" : [ ],
    "attachmentsCount" : 0,
    "shouldDisplayMessage" : true,
    "hasContent" : true,
    "stepsCount" : 12
  },
  "afterStages" : [ {
    "name" : "driver_2::0",
    "time" : {
      "start" : 1704630989465,
      "stop" : 1704630989519,
      "duration" : 54
    },
    "status" : "passed",
    "steps" : [ ],
    "attachments" : [ ],
    "parameters" : [ ],
    "attachmentsCount" : 0,
    "shouldDisplayMessage" : false,
    "hasContent" : false,
    "stepsCount" : 0
  }, {
    "name" : "driver_1::0",
    "time" : {
      "start" : 1704630989520,
      "stop" : 1704630989578,
      "duration" : 58
    },
    "status" : "passed",
    "steps" : [ ],
    "attachments" : [ ],
    "parameters" : [ ],
    "attachmentsCount" : 0,
    "shouldDisplayMessage" : false,
    "hasContent" : false,
    "stepsCount" : 0
  } ],
  "labels" : [ {
    "name" : "feature",
    "value" : "Meet Functionality"
  }, {
    "name" : "severity",
    "value" : "Normal"
  }, {
    "name" : "parentSuite",
    "value" : "tests.meeting"
  }, {
    "name" : "suite",
    "value" : "riase_hand_test"
  }, {
    "name" : "subSuite",
    "value" : "TestRaiseHandInMeet"
  }, {
    "name" : "host",
    "value" : "39ed90d5fca4"
  }, {
    "name" : "thread",
    "value" : "8-MainThread"
  }, {
    "name" : "framework",
    "value" : "pytest"
  }, {
    "name" : "language",
    "value" : "cpython3"
  }, {
    "name" : "package",
    "value" : "tests.meeting.riase_hand_test"
  }, {
    "name" : "resultFormat",
    "value" : "allure2"
  } ],
  "parameters" : [ ],
  "links" : [ ],
  "hidden" : false,
  "retry" : false,
  "extra" : {
    "severity" : "normal",
    "retries" : [ ],
    "categories" : [ {
      "name" : "Test defects",
      "matchedStatuses" : [ ],
      "flaky" : false
    } ],
    "history" : {
      "statistic" : {
        "failed" : 0,
        "broken" : 3,
        "skipped" : 0,
        "passed" : 6,
        "unknown" : 0,
        "total" : 9
      },
      "items" : [ {
        "uid" : "e759aeacc7425f4d",
        "status" : "passed",
        "time" : {
          "start" : 1704362839691,
          "stop" : 1704362860122,
          "duration" : 20431
        }
      }, {
        "uid" : "a86f266866eeacf0",
        "status" : "passed",
        "time" : {
          "start" : 1704345450322,
          "stop" : 1704345466997,
          "duration" : 16675
        }
      }, {
        "uid" : "7a782828074421e8",
        "status" : "passed",
        "time" : {
          "start" : 1704345031932,
          "stop" : 1704345051228,
          "duration" : 19296
        }
      }, {
        "uid" : "a0a1a5f2ab7610f0",
        "status" : "passed",
        "time" : {
          "start" : 1703135290145,
          "stop" : 1703135308285,
          "duration" : 18140
        }
      }, {
        "uid" : "27622c83fe93ffc3",
        "status" : "passed",
        "time" : {
          "start" : 1703131268070,
          "stop" : 1703131290350,
          "duration" : 22280
        }
      }, {
        "uid" : "7f6ebcdb9f9488a0",
        "status" : "passed",
        "time" : {
          "start" : 1702532567679,
          "stop" : 1702532586181,
          "duration" : 18502
        }
      }, {
        "uid" : "41c54fbea23025d0",
        "status" : "broken",
        "statusDetails" : "selenium.common.exceptions.TimeoutException: Message:",
        "time" : {
          "start" : 1702372890339,
          "stop" : 1702372918800,
          "duration" : 28461
        }
      }, {
        "uid" : "6816985dbc1769c0",
        "status" : "broken",
        "statusDetails" : "selenium.common.exceptions.TimeoutException: Message:",
        "time" : {
          "start" : 1702372260547,
          "stop" : 1702372272487,
          "duration" : 11940
        }
      } ]
    },
    "tags" : [ ]
  },
  "source" : "a1564e4584538ceb.json",
  "parameterValues" : [ ]
}