{
  "uid" : "e72cc152e7914aab",
  "name" : "Kick user from meet",
  "fullName" : "tests.meeting.kick_user_from_meet_test.TestKickUserFromMeet#test_kick_user_from_meet",
  "historyId" : "588eab5bb8356ce5016c8cdee01c7f71",
  "time" : {
    "start" : 1704630916511,
    "stop" : 1704630933308,
    "duration" : 16797
  },
  "status" : "broken",
  "statusMessage" : "selenium.common.exceptions.TimeoutException: Message:",
  "statusTrace" : "self = <kick_user_from_meet_test.TestKickUserFromMeet object at 0x7ff9473e7b90>\nuser_1 = None, user_2 = None\n\n    @allure.title(\"Kick user from meet\")\n    @allure.severity(\"Normal\")\n    def test_kick_user_from_meet(self, user_1, user_2):\n        self.login_page.open()\n        self.login_page.enter_login(self.data.LOGIN)\n        self.login_page.enter_password(self.data.PASSWORD)\n        self.login_page.click_submit_button()\n        self.main_page.is_opened()\n        self.connect_to_meeting_page.open()\n        self.connect_to_meeting_page.is_opened()\n        self.connect_to_meeting_page.enter_meet_identifier()\n        self.connect_to_meeting_page.click_enter_button()\n        # self.meet_page.click_on_dismiss_alert_button() #Нужен для локального запуска\n        self.meet_page.click_on_enter_without_checking_button()\n        # self.meet_page.click_on_dismiss_alert_button() #Нужен для локального запуска\n        self.meet_page.click_on_enter_without_checking_button()\n>       self.meet_page.check_enter_meet_push()\n\ntests/meeting/kick_user_from_meet_test.py:25: \n_ _ _ _ _ _ _ _ _ _ _ _ _ _ _ _ _ _ _ _ _ _ _ _ _ _ _ _ _ _ _ _ _ _ _ _ _ _ _ _ \npages/user2/meet_page_2.py:107: in check_enter_meet_push\n    self.wait.until(EC.visibility_of_element_located(self.PUSH_ENTER_MEET))\n_ _ _ _ _ _ _ _ _ _ _ _ _ _ _ _ _ _ _ _ _ _ _ _ _ _ _ _ _ _ _ _ _ _ _ _ _ _ _ _ \n\nself = <selenium.webdriver.support.wait.WebDriverWait (session=\"ba5ca6f293b7674e401800915826eaf3\")>\nmethod = <function visibility_of_element_located.<locals>._predicate at 0x7ff94705ee80>\nmessage = ''\n\n    def until(self, method, message: str = \"\"):\n        \"\"\"Calls the method provided with the driver as an argument until the \\\n        return value does not evaluate to ``False``.\n    \n        :param method: callable(WebDriver)\n        :param message: optional message for :exc:`TimeoutException`\n        :returns: the result of the last call to `method`\n        :raises: :exc:`selenium.common.exceptions.TimeoutException` if timeout occurs\n        \"\"\"\n        screen = None\n        stacktrace = None\n    \n        end_time = time.monotonic() + self._timeout\n        while True:\n            try:\n                value = method(self._driver)\n                if value:\n                    return value\n            except self._ignored_exceptions as exc:\n                screen = getattr(exc, \"screen\", None)\n                stacktrace = getattr(exc, \"stacktrace\", None)\n            time.sleep(self._poll)\n            if time.monotonic() > end_time:\n                break\n>       raise TimeoutException(message, screen, stacktrace)\nE       selenium.common.exceptions.TimeoutException: Message:\n\n../local/lib/python3.12/site-packages/selenium/webdriver/support/wait.py:95: TimeoutException",
  "flaky" : false,
  "newFailed" : false,
  "beforeStages" : [ {
    "name" : "driver_1",
    "time" : {
      "start" : 1704630914875,
      "stop" : 1704630915696,
      "duration" : 821
    },
    "status" : "passed",
    "steps" : [ ],
    "attachments" : [ ],
    "parameters" : [ ],
    "attachmentsCount" : 0,
    "shouldDisplayMessage" : false,
    "hasContent" : false,
    "stepsCount" : 0
  }, {
    "name" : "user_2",
    "time" : {
      "start" : 1704630916510,
      "stop" : 1704630916510,
      "duration" : 0
    },
    "status" : "passed",
    "steps" : [ ],
    "attachments" : [ ],
    "parameters" : [ ],
    "attachmentsCount" : 0,
    "shouldDisplayMessage" : false,
    "hasContent" : false,
    "stepsCount" : 0
  }, {
    "name" : "user_1",
    "time" : {
      "start" : 1704630915696,
      "stop" : 1704630915697,
      "duration" : 1
    },
    "status" : "passed",
    "steps" : [ ],
    "attachments" : [ ],
    "parameters" : [ ],
    "attachmentsCount" : 0,
    "shouldDisplayMessage" : false,
    "hasContent" : false,
    "stepsCount" : 0
  }, {
    "name" : "driver_2",
    "time" : {
      "start" : 1704630915697,
      "stop" : 1704630916510,
      "duration" : 813
    },
    "status" : "passed",
    "steps" : [ ],
    "attachments" : [ ],
    "parameters" : [ ],
    "attachmentsCount" : 0,
    "shouldDisplayMessage" : false,
    "hasContent" : false,
    "stepsCount" : 0
  } ],
  "testStage" : {
    "status" : "broken",
    "statusMessage" : "selenium.common.exceptions.TimeoutException: Message:",
    "statusTrace" : "self = <kick_user_from_meet_test.TestKickUserFromMeet object at 0x7ff9473e7b90>\nuser_1 = None, user_2 = None\n\n    @allure.title(\"Kick user from meet\")\n    @allure.severity(\"Normal\")\n    def test_kick_user_from_meet(self, user_1, user_2):\n        self.login_page.open()\n        self.login_page.enter_login(self.data.LOGIN)\n        self.login_page.enter_password(self.data.PASSWORD)\n        self.login_page.click_submit_button()\n        self.main_page.is_opened()\n        self.connect_to_meeting_page.open()\n        self.connect_to_meeting_page.is_opened()\n        self.connect_to_meeting_page.enter_meet_identifier()\n        self.connect_to_meeting_page.click_enter_button()\n        # self.meet_page.click_on_dismiss_alert_button() #Нужен для локального запуска\n        self.meet_page.click_on_enter_without_checking_button()\n        # self.meet_page.click_on_dismiss_alert_button() #Нужен для локального запуска\n        self.meet_page.click_on_enter_without_checking_button()\n>       self.meet_page.check_enter_meet_push()\n\ntests/meeting/kick_user_from_meet_test.py:25: \n_ _ _ _ _ _ _ _ _ _ _ _ _ _ _ _ _ _ _ _ _ _ _ _ _ _ _ _ _ _ _ _ _ _ _ _ _ _ _ _ \npages/user2/meet_page_2.py:107: in check_enter_meet_push\n    self.wait.until(EC.visibility_of_element_located(self.PUSH_ENTER_MEET))\n_ _ _ _ _ _ _ _ _ _ _ _ _ _ _ _ _ _ _ _ _ _ _ _ _ _ _ _ _ _ _ _ _ _ _ _ _ _ _ _ \n\nself = <selenium.webdriver.support.wait.WebDriverWait (session=\"ba5ca6f293b7674e401800915826eaf3\")>\nmethod = <function visibility_of_element_located.<locals>._predicate at 0x7ff94705ee80>\nmessage = ''\n\n    def until(self, method, message: str = \"\"):\n        \"\"\"Calls the method provided with the driver as an argument until the \\\n        return value does not evaluate to ``False``.\n    \n        :param method: callable(WebDriver)\n        :param message: optional message for :exc:`TimeoutException`\n        :returns: the result of the last call to `method`\n        :raises: :exc:`selenium.common.exceptions.TimeoutException` if timeout occurs\n        \"\"\"\n        screen = None\n        stacktrace = None\n    \n        end_time = time.monotonic() + self._timeout\n        while True:\n            try:\n                value = method(self._driver)\n                if value:\n                    return value\n            except self._ignored_exceptions as exc:\n                screen = getattr(exc, \"screen\", None)\n                stacktrace = getattr(exc, \"stacktrace\", None)\n            time.sleep(self._poll)\n            if time.monotonic() > end_time:\n                break\n>       raise TimeoutException(message, screen, stacktrace)\nE       selenium.common.exceptions.TimeoutException: Message:\n\n../local/lib/python3.12/site-packages/selenium/webdriver/support/wait.py:95: TimeoutException",
    "steps" : [ {
      "name" : "Open https://dev.qosyl.kz/login page",
      "time" : {
        "start" : 1704630916511,
        "stop" : 1704630918137,
        "duration" : 1626
      },
      "status" : "passed",
      "steps" : [ ],
      "attachments" : [ ],
      "parameters" : [ ],
      "attachmentsCount" : 0,
      "shouldDisplayMessage" : false,
      "hasContent" : false,
      "stepsCount" : 0
    }, {
      "name" : "Enter login",
      "time" : {
        "start" : 1704630918137,
        "stop" : 1704630918278,
        "duration" : 141
      },
      "status" : "passed",
      "steps" : [ ],
      "attachments" : [ ],
      "parameters" : [ ],
      "attachmentsCount" : 0,
      "shouldDisplayMessage" : false,
      "hasContent" : false,
      "stepsCount" : 0
    }, {
      "name" : "Enter password",
      "time" : {
        "start" : 1704630918278,
        "stop" : 1704630918376,
        "duration" : 98
      },
      "status" : "passed",
      "steps" : [ ],
      "attachments" : [ ],
      "parameters" : [ ],
      "attachmentsCount" : 0,
      "shouldDisplayMessage" : false,
      "hasContent" : false,
      "stepsCount" : 0
    }, {
      "name" : "Confirm login and pass - Click submit button",
      "time" : {
        "start" : 1704630918376,
        "stop" : 1704630918442,
        "duration" : 66
      },
      "status" : "passed",
      "steps" : [ ],
      "attachments" : [ ],
      "parameters" : [ ],
      "attachmentsCount" : 0,
      "shouldDisplayMessage" : false,
      "hasContent" : false,
      "stepsCount" : 0
    }, {
      "name" : "Page https://dev.qosyl.kz/ is opened",
      "time" : {
        "start" : 1704630918442,
        "stop" : 1704630919448,
        "duration" : 1006
      },
      "status" : "passed",
      "steps" : [ ],
      "attachments" : [ ],
      "parameters" : [ ],
      "attachmentsCount" : 0,
      "shouldDisplayMessage" : false,
      "hasContent" : false,
      "stepsCount" : 0
    }, {
      "name" : "Open https://dev.qosyl.kz/meeting/ page",
      "time" : {
        "start" : 1704630919448,
        "stop" : 1704630921246,
        "duration" : 1798
      },
      "status" : "passed",
      "steps" : [ ],
      "attachments" : [ ],
      "parameters" : [ ],
      "attachmentsCount" : 0,
      "shouldDisplayMessage" : false,
      "hasContent" : false,
      "stepsCount" : 0
    }, {
      "name" : "Page https://dev.qosyl.kz/meeting/ is opened",
      "time" : {
        "start" : 1704630921246,
        "stop" : 1704630921249,
        "duration" : 3
      },
      "status" : "passed",
      "steps" : [ ],
      "attachments" : [ ],
      "parameters" : [ ],
      "attachmentsCount" : 0,
      "shouldDisplayMessage" : false,
      "hasContent" : false,
      "stepsCount" : 0
    }, {
      "name" : "Enter meet identifier",
      "time" : {
        "start" : 1704630921250,
        "stop" : 1704630921324,
        "duration" : 74
      },
      "status" : "passed",
      "steps" : [ ],
      "attachments" : [ ],
      "parameters" : [ ],
      "attachmentsCount" : 0,
      "shouldDisplayMessage" : false,
      "hasContent" : false,
      "stepsCount" : 0
    }, {
      "name" : "Click enter button",
      "time" : {
        "start" : 1704630921324,
        "stop" : 1704630921409,
        "duration" : 85
      },
      "status" : "passed",
      "steps" : [ ],
      "attachments" : [ ],
      "parameters" : [ ],
      "attachmentsCount" : 0,
      "shouldDisplayMessage" : false,
      "hasContent" : false,
      "stepsCount" : 0
    }, {
      "name" : "Enter without cheking",
      "time" : {
        "start" : 1704630921409,
        "stop" : 1704630921892,
        "duration" : 483
      },
      "status" : "passed",
      "steps" : [ ],
      "attachments" : [ ],
      "parameters" : [ ],
      "attachmentsCount" : 0,
      "shouldDisplayMessage" : false,
      "hasContent" : false,
      "stepsCount" : 0
    }, {
      "name" : "Enter without cheking",
      "time" : {
        "start" : 1704630921892,
        "stop" : 1704630923245,
        "duration" : 1353
      },
      "status" : "passed",
      "steps" : [ ],
      "attachments" : [ ],
      "parameters" : [ ],
      "attachmentsCount" : 0,
      "shouldDisplayMessage" : false,
      "hasContent" : false,
      "stepsCount" : 0
    }, {
      "name" : "Check push enter meet",
      "time" : {
        "start" : 1704630923245,
        "stop" : 1704630933307,
        "duration" : 10062
      },
      "status" : "broken",
      "statusMessage" : "selenium.common.exceptions.TimeoutException: Message: \n\n",
      "statusTrace" : "  File \"/usr/local/lib/python3.12/site-packages/allure_commons/_allure.py\", line 192, in impl\n    return func(*a, **kw)\n           ^^^^^^^^^^^^^^\n  File \"/usr/workspace/pages/user2/meet_page_2.py\", line 107, in check_enter_meet_push\n    self.wait.until(EC.visibility_of_element_located(self.PUSH_ENTER_MEET))\n  File \"/usr/local/lib/python3.12/site-packages/selenium/webdriver/support/wait.py\", line 95, in until\n    raise TimeoutException(message, screen, stacktrace)\n",
      "steps" : [ ],
      "attachments" : [ ],
      "parameters" : [ ],
      "attachmentsCount" : 0,
      "shouldDisplayMessage" : true,
      "hasContent" : true,
      "stepsCount" : 0
    } ],
    "attachments" : [ ],
    "parameters" : [ ],
    "attachmentsCount" : 0,
    "shouldDisplayMessage" : true,
    "hasContent" : true,
    "stepsCount" : 12
  },
  "afterStages" : [ {
    "name" : "driver_1::0",
    "time" : {
      "start" : 1704630933374,
      "stop" : 1704630933432,
      "duration" : 58
    },
    "status" : "passed",
    "steps" : [ ],
    "attachments" : [ ],
    "parameters" : [ ],
    "attachmentsCount" : 0,
    "shouldDisplayMessage" : false,
    "hasContent" : false,
    "stepsCount" : 0
  }, {
    "name" : "driver_2::0",
    "time" : {
      "start" : 1704630933319,
      "stop" : 1704630933374,
      "duration" : 55
    },
    "status" : "passed",
    "steps" : [ ],
    "attachments" : [ ],
    "parameters" : [ ],
    "attachmentsCount" : 0,
    "shouldDisplayMessage" : false,
    "hasContent" : false,
    "stepsCount" : 0
  } ],
  "labels" : [ {
    "name" : "feature",
    "value" : "Meet Functionality"
  }, {
    "name" : "severity",
    "value" : "Normal"
  }, {
    "name" : "parentSuite",
    "value" : "tests.meeting"
  }, {
    "name" : "suite",
    "value" : "kick_user_from_meet_test"
  }, {
    "name" : "subSuite",
    "value" : "TestKickUserFromMeet"
  }, {
    "name" : "host",
    "value" : "39ed90d5fca4"
  }, {
    "name" : "thread",
    "value" : "8-MainThread"
  }, {
    "name" : "framework",
    "value" : "pytest"
  }, {
    "name" : "language",
    "value" : "cpython3"
  }, {
    "name" : "package",
    "value" : "tests.meeting.kick_user_from_meet_test"
  }, {
    "name" : "resultFormat",
    "value" : "allure2"
  } ],
  "parameters" : [ ],
  "links" : [ ],
  "hidden" : false,
  "retry" : false,
  "extra" : {
    "severity" : "normal",
    "retries" : [ ],
    "categories" : [ {
      "name" : "Test defects",
      "matchedStatuses" : [ ],
      "flaky" : false
    } ],
    "history" : {
      "statistic" : {
        "failed" : 0,
        "broken" : 2,
        "skipped" : 0,
        "passed" : 7,
        "unknown" : 0,
        "total" : 9
      },
      "items" : [ {
        "uid" : "e16c70be15e29978",
        "status" : "passed",
        "time" : {
          "start" : 1704362773149,
          "stop" : 1704362789348,
          "duration" : 16199
        }
      }, {
        "uid" : "86a23695a97a7f37",
        "status" : "passed",
        "time" : {
          "start" : 1704345399451,
          "stop" : 1704345416807,
          "duration" : 17356
        }
      }, {
        "uid" : "ec372a74b9e2d6bf",
        "status" : "passed",
        "time" : {
          "start" : 1704344982202,
          "stop" : 1704344998408,
          "duration" : 16206
        }
      }, {
        "uid" : "b0b8b898283a84be",
        "status" : "passed",
        "time" : {
          "start" : 1703135240386,
          "stop" : 1703135256628,
          "duration" : 16242
        }
      }, {
        "uid" : "206d7b6f10eb68cb",
        "status" : "passed",
        "time" : {
          "start" : 1703131209488,
          "stop" : 1703131231481,
          "duration" : 21993
        }
      }, {
        "uid" : "335a328f58872d87",
        "status" : "passed",
        "time" : {
          "start" : 1702532515018,
          "stop" : 1702532534156,
          "duration" : 19138
        }
      }, {
        "uid" : "5752635e6c9cba51",
        "status" : "passed",
        "time" : {
          "start" : 1702372831326,
          "stop" : 1702372854051,
          "duration" : 22725
        }
      }, {
        "uid" : "1f32502a9cd70c1f",
        "status" : "broken",
        "statusDetails" : "selenium.common.exceptions.TimeoutException: Message:",
        "time" : {
          "start" : 1702372219434,
          "stop" : 1702372231366,
          "duration" : 11932
        }
      } ]
    },
    "tags" : [ ]
  },
  "source" : "e72cc152e7914aab.json",
  "parameterValues" : [ ]
}